2023-05-03 20:41:58,251 - telegram.ext._application - INFO - Application is stopping. This might take a moment.
2023-05-03 20:41:58,251 - apscheduler.scheduler - INFO - Scheduler has been shut down
2023-05-03 20:41:58,251 - telegram.ext._application - INFO - Application.stop() complete
2023-05-03 20:42:02,789 - apscheduler.scheduler - INFO - Scheduler started
2023-05-03 20:42:02,789 - telegram.ext._application - INFO - Application started
2023-05-03 20:42:53,052 - telegram.ext._application - INFO - Application is stopping. This might take a moment.
2023-05-03 20:42:53,053 - apscheduler.scheduler - INFO - Scheduler has been shut down
2023-05-03 20:42:53,053 - telegram.ext._application - INFO - Application.stop() complete
2023-05-03 20:46:39,123 - apscheduler.scheduler - INFO - Scheduler started
2023-05-03 20:46:39,123 - telegram.ext._application - INFO - Application started
2023-05-03 20:52:44,027 - logInfo - INFO - User name: Ekaterina
2023-05-04 17:36:37,107 - apscheduler.scheduler - INFO - Scheduler started
2023-05-04 17:36:37,108 - telegram.ext._application - INFO - Application started
2023-05-04 17:37:02,842 - telegram.ext._application - ERROR - No error handlers are registered, logging exception.
Traceback (most recent call last):
  File "C:\Users\Boris\.pyenv\pyenv-win\versions\3.10.9\lib\site-packages\telegram\ext\_application.py", line 1115, in process_update
    await coroutine
  File "C:\Users\Boris\.pyenv\pyenv-win\versions\3.10.9\lib\site-packages\telegram\ext\_conversationhandler.py", line 826, in handle_update
    new_state: object = await handler.handle_update(
  File "C:\Users\Boris\.pyenv\pyenv-win\versions\3.10.9\lib\site-packages\telegram\ext\_handler.py", line 141, in handle_update
    return await self.callback(update, context)
  File "c:\Users\Boris\YandexDisk\Kate\Small Projects\BelgradeGarbageCollector\core\commands.py", line 22, in start
    context.user_data[key] = Entry()
TypeError: Entry.__init__() missing 4 required positional arguments: 'latitude', 'longitude', 'user_id', and 'photo_id'
2023-05-04 17:37:31,368 - apscheduler.scheduler - INFO - Scheduler started
2023-05-04 17:37:31,368 - telegram.ext._application - INFO - Application started
2023-05-04 17:37:37,614 - telegram.ext._application - ERROR - No error handlers are registered, logging exception.
Traceback (most recent call last):
  File "C:\Users\Boris\.pyenv\pyenv-win\versions\3.10.9\lib\site-packages\telegram\ext\_application.py", line 1115, in process_update
    await coroutine
  File "C:\Users\Boris\.pyenv\pyenv-win\versions\3.10.9\lib\site-packages\telegram\ext\_conversationhandler.py", line 826, in handle_update
    new_state: object = await handler.handle_update(
  File "C:\Users\Boris\.pyenv\pyenv-win\versions\3.10.9\lib\site-packages\telegram\ext\_handler.py", line 141, in handle_update
    return await self.callback(update, context)
  File "c:\Users\Boris\YandexDisk\Kate\Small Projects\BelgradeGarbageCollector\core\commands.py", line 22, in start
    context.user_data[key] = Entry()
TypeError: Entry.__init__() missing 4 required positional arguments: 'latitude', 'longitude', 'user_id', and 'photo_id'
2023-05-04 17:40:15,038 - telegram.ext._application - ERROR - No error handlers are registered, logging exception.
Traceback (most recent call last):
  File "C:\Users\Boris\.pyenv\pyenv-win\versions\3.10.9\lib\site-packages\telegram\ext\_application.py", line 1115, in process_update
    await coroutine
  File "C:\Users\Boris\.pyenv\pyenv-win\versions\3.10.9\lib\site-packages\telegram\ext\_conversationhandler.py", line 826, in handle_update
    new_state: object = await handler.handle_update(
  File "C:\Users\Boris\.pyenv\pyenv-win\versions\3.10.9\lib\site-packages\telegram\ext\_handler.py", line 141, in handle_update
    return await self.callback(update, context)
  File "c:\Users\Boris\YandexDisk\Kate\Small Projects\BelgradeGarbageCollector\core\commands.py", line 22, in start
    context.user_data[key] = Entry()
TypeError: Entry.__init__() missing 4 required positional arguments: 'latitude', 'longitude', 'user_id', and 'photo_id'
2023-05-04 17:41:23,129 - apscheduler.scheduler - INFO - Scheduler started
2023-05-04 17:41:23,129 - telegram.ext._application - INFO - Application started
2023-05-04 17:41:30,162 - logInfo - INFO - User name Ekaterina, id 699094527
2023-05-04 17:42:28,225 - telegram.ext._application - ERROR - No error handlers are registered, logging exception.
Traceback (most recent call last):
  File "C:\Users\Boris\.pyenv\pyenv-win\versions\3.10.9\lib\site-packages\telegram\ext\_application.py", line 1115, in process_update
    await coroutine
  File "C:\Users\Boris\.pyenv\pyenv-win\versions\3.10.9\lib\site-packages\telegram\ext\_conversationhandler.py", line 826, in handle_update
    new_state: object = await handler.handle_update(
  File "C:\Users\Boris\.pyenv\pyenv-win\versions\3.10.9\lib\site-packages\telegram\ext\_handler.py", line 141, in handle_update
    return await self.callback(update, context)
  File "c:\Users\Boris\YandexDisk\Kate\Small Projects\BelgradeGarbageCollector\core\commands.py", line 46, in photo
    key = context.args[0]
TypeError: 'NoneType' object is not subscriptable
2023-05-04 17:51:23,997 - apscheduler.scheduler - INFO - Scheduler started
2023-05-04 17:51:23,997 - telegram.ext._application - INFO - Application started
2023-05-04 17:51:27,541 - logInfo - INFO - User name Ekaterina, id 699094527
2023-05-04 17:51:36,257 - telegram.ext._application - ERROR - No error handlers are registered, logging exception.
Traceback (most recent call last):
  File "C:\Users\Boris\.pyenv\pyenv-win\versions\3.10.9\lib\site-packages\telegram\ext\_application.py", line 1115, in process_update
    await coroutine
  File "C:\Users\Boris\.pyenv\pyenv-win\versions\3.10.9\lib\site-packages\telegram\ext\_conversationhandler.py", line 826, in handle_update
    new_state: object = await handler.handle_update(
  File "C:\Users\Boris\.pyenv\pyenv-win\versions\3.10.9\lib\site-packages\telegram\ext\_handler.py", line 141, in handle_update
    return await self.callback(update, context)
  File "c:\Users\Boris\YandexDisk\Kate\Small Projects\BelgradeGarbageCollector\core\commands.py", line 46, in photo
    key = context.args[0]
TypeError: 'NoneType' object is not subscriptable
2023-05-04 17:52:52,661 - apscheduler.scheduler - INFO - Scheduler started
2023-05-04 17:52:52,662 - telegram.ext._application - INFO - Application started
2023-05-04 17:52:58,779 - logInfo - INFO - User name Ekaterina, id 699094527
2023-05-04 17:53:04,705 - telegram.ext._application - ERROR - No error handlers are registered, logging exception.
Traceback (most recent call last):
  File "C:\Users\Boris\.pyenv\pyenv-win\versions\3.10.9\lib\site-packages\telegram\ext\_application.py", line 1115, in process_update
    await coroutine
  File "C:\Users\Boris\.pyenv\pyenv-win\versions\3.10.9\lib\site-packages\telegram\ext\_conversationhandler.py", line 826, in handle_update
    new_state: object = await handler.handle_update(
  File "C:\Users\Boris\.pyenv\pyenv-win\versions\3.10.9\lib\site-packages\telegram\ext\_handler.py", line 141, in handle_update
    return await self.callback(update, context)
  File "c:\Users\Boris\YandexDisk\Kate\Small Projects\BelgradeGarbageCollector\core\commands.py", line 46, in photo
    key = context.args[0]
TypeError: 'NoneType' object is not subscriptable
2023-05-04 17:54:26,916 - apscheduler.scheduler - INFO - Scheduler started
2023-05-04 17:54:26,916 - telegram.ext._application - INFO - Application started
2023-05-04 17:54:27,155 - logInfo - INFO - User name Ekaterina, id 699094527
2023-05-04 17:54:32,930 - telegram.ext._application - ERROR - No error handlers are registered, logging exception.
Traceback (most recent call last):
  File "C:\Users\Boris\.pyenv\pyenv-win\versions\3.10.9\lib\site-packages\telegram\ext\_application.py", line 1115, in process_update
    await coroutine
  File "C:\Users\Boris\.pyenv\pyenv-win\versions\3.10.9\lib\site-packages\telegram\ext\_conversationhandler.py", line 826, in handle_update
    new_state: object = await handler.handle_update(
  File "C:\Users\Boris\.pyenv\pyenv-win\versions\3.10.9\lib\site-packages\telegram\ext\_handler.py", line 141, in handle_update
    return await self.callback(update, context)
  File "c:\Users\Boris\YandexDisk\Kate\Small Projects\BelgradeGarbageCollector\core\commands.py", line 45, in photo
    key = context.user_data.args[0]
AttributeError: 'dict' object has no attribute 'args'
2023-05-04 17:56:23,477 - apscheduler.scheduler - INFO - Scheduler started
2023-05-04 17:56:23,478 - telegram.ext._application - INFO - Application started
2023-05-04 17:56:28,796 - logInfo - INFO - User name Ekaterina, id 699094527
2023-05-04 17:56:34,345 - telegram.ext._application - ERROR - No error handlers are registered, logging exception.
Traceback (most recent call last):
  File "C:\Users\Boris\.pyenv\pyenv-win\versions\3.10.9\lib\site-packages\telegram\ext\_application.py", line 1115, in process_update
    await coroutine
  File "C:\Users\Boris\.pyenv\pyenv-win\versions\3.10.9\lib\site-packages\telegram\ext\_conversationhandler.py", line 826, in handle_update
    new_state: object = await handler.handle_update(
  File "C:\Users\Boris\.pyenv\pyenv-win\versions\3.10.9\lib\site-packages\telegram\ext\_handler.py", line 141, in handle_update
    return await self.callback(update, context)
  File "c:\Users\Boris\YandexDisk\Kate\Small Projects\BelgradeGarbageCollector\core\commands.py", line 45, in photo
    key = context.user_data.args[0]
AttributeError: 'dict' object has no attribute 'args'
2023-05-04 17:59:10,816 - apscheduler.scheduler - INFO - Scheduler started
2023-05-04 17:59:10,817 - telegram.ext._application - INFO - Application started
2023-05-04 17:59:18,052 - logInfo - INFO - User name Ekaterina, id 699094527
2023-05-04 17:59:23,100 - telegram.ext._application - ERROR - No error handlers are registered, logging exception.
Traceback (most recent call last):
  File "C:\Users\Boris\.pyenv\pyenv-win\versions\3.10.9\lib\site-packages\telegram\ext\_application.py", line 1115, in process_update
    await coroutine
  File "C:\Users\Boris\.pyenv\pyenv-win\versions\3.10.9\lib\site-packages\telegram\ext\_conversationhandler.py", line 826, in handle_update
    new_state: object = await handler.handle_update(
  File "C:\Users\Boris\.pyenv\pyenv-win\versions\3.10.9\lib\site-packages\telegram\ext\_handler.py", line 141, in handle_update
    return await self.callback(update, context)
  File "c:\Users\Boris\YandexDisk\Kate\Small Projects\BelgradeGarbageCollector\core\commands.py", line 45, in photo
    key = context.user_data.args[0]
AttributeError: 'dict' object has no attribute 'args'
2023-05-04 18:00:48,730 - apscheduler.scheduler - INFO - Scheduler started
2023-05-04 18:00:48,731 - telegram.ext._application - INFO - Application started
2023-05-04 18:00:48,847 - logInfo - INFO - User name Ekaterina, id 699094527
2023-05-04 18:00:52,871 - telegram.ext._application - ERROR - No error handlers are registered, logging exception.
Traceback (most recent call last):
  File "C:\Users\Boris\.pyenv\pyenv-win\versions\3.10.9\lib\site-packages\telegram\ext\_application.py", line 1115, in process_update
    await coroutine
  File "C:\Users\Boris\.pyenv\pyenv-win\versions\3.10.9\lib\site-packages\telegram\ext\_conversationhandler.py", line 826, in handle_update
    new_state: object = await handler.handle_update(
  File "C:\Users\Boris\.pyenv\pyenv-win\versions\3.10.9\lib\site-packages\telegram\ext\_handler.py", line 141, in handle_update
    return await self.callback(update, context)
  File "c:\Users\Boris\YandexDisk\Kate\Small Projects\BelgradeGarbageCollector\core\commands.py", line 44, in photo
    print(context.user_data.keys[0])
TypeError: 'builtin_function_or_method' object is not subscriptable
2023-05-04 18:02:13,642 - apscheduler.scheduler - INFO - Scheduler started
2023-05-04 18:02:13,642 - telegram.ext._application - INFO - Application started
2023-05-04 18:02:17,689 - logInfo - INFO - User name Ekaterina, id 699094527
2023-05-04 18:02:22,925 - telegram.ext._application - ERROR - No error handlers are registered, logging exception.
Traceback (most recent call last):
  File "C:\Users\Boris\.pyenv\pyenv-win\versions\3.10.9\lib\site-packages\telegram\ext\_application.py", line 1115, in process_update
    await coroutine
  File "C:\Users\Boris\.pyenv\pyenv-win\versions\3.10.9\lib\site-packages\telegram\ext\_conversationhandler.py", line 826, in handle_update
    new_state: object = await handler.handle_update(
  File "C:\Users\Boris\.pyenv\pyenv-win\versions\3.10.9\lib\site-packages\telegram\ext\_handler.py", line 141, in handle_update
    return await self.callback(update, context)
  File "c:\Users\Boris\YandexDisk\Kate\Small Projects\BelgradeGarbageCollector\core\commands.py", line 45, in photo
    key = context.user_data.args[0]
AttributeError: 'dict' object has no attribute 'args'
2023-05-04 18:02:48,092 - apscheduler.scheduler - INFO - Scheduler started
2023-05-04 18:02:48,093 - telegram.ext._application - INFO - Application started
2023-05-04 18:02:54,893 - logInfo - INFO - User name Ekaterina, id 699094527
2023-05-04 18:03:01,166 - telegram.ext._application - ERROR - No error handlers are registered, logging exception.
Traceback (most recent call last):
  File "C:\Users\Boris\.pyenv\pyenv-win\versions\3.10.9\lib\site-packages\telegram\ext\_application.py", line 1115, in process_update
    await coroutine
  File "C:\Users\Boris\.pyenv\pyenv-win\versions\3.10.9\lib\site-packages\telegram\ext\_conversationhandler.py", line 826, in handle_update
    new_state: object = await handler.handle_update(
  File "C:\Users\Boris\.pyenv\pyenv-win\versions\3.10.9\lib\site-packages\telegram\ext\_handler.py", line 141, in handle_update
    return await self.callback(update, context)
  File "c:\Users\Boris\YandexDisk\Kate\Small Projects\BelgradeGarbageCollector\core\commands.py", line 45, in photo
    key = context.user_data.args[0]
AttributeError: 'dict' object has no attribute 'args'
2023-05-04 18:03:32,875 - apscheduler.scheduler - INFO - Scheduler started
2023-05-04 18:03:32,876 - telegram.ext._application - INFO - Application started
2023-05-04 18:03:37,227 - logInfo - INFO - User name Ekaterina, id 699094527
2023-05-04 18:03:42,040 - telegram.ext._application - ERROR - No error handlers are registered, logging exception.
Traceback (most recent call last):
  File "C:\Users\Boris\.pyenv\pyenv-win\versions\3.10.9\lib\site-packages\telegram\ext\_application.py", line 1115, in process_update
    await coroutine
  File "C:\Users\Boris\.pyenv\pyenv-win\versions\3.10.9\lib\site-packages\telegram\ext\_conversationhandler.py", line 826, in handle_update
    new_state: object = await handler.handle_update(
  File "C:\Users\Boris\.pyenv\pyenv-win\versions\3.10.9\lib\site-packages\telegram\ext\_handler.py", line 141, in handle_update
    return await self.callback(update, context)
  File "c:\Users\Boris\YandexDisk\Kate\Small Projects\BelgradeGarbageCollector\core\commands.py", line 45, in photo
    key = context.user_data.args[0]
AttributeError: 'dict' object has no attribute 'args'
2023-05-04 18:04:05,604 - apscheduler.scheduler - INFO - Scheduler started
2023-05-04 18:04:05,604 - telegram.ext._application - INFO - Application started
2023-05-04 18:04:08,621 - logInfo - INFO - User name Ekaterina, id 699094527
2023-05-04 18:04:13,376 - telegram.ext._application - ERROR - No error handlers are registered, logging exception.
Traceback (most recent call last):
  File "C:\Users\Boris\.pyenv\pyenv-win\versions\3.10.9\lib\site-packages\telegram\ext\_application.py", line 1115, in process_update
    await coroutine
  File "C:\Users\Boris\.pyenv\pyenv-win\versions\3.10.9\lib\site-packages\telegram\ext\_conversationhandler.py", line 826, in handle_update
    new_state: object = await handler.handle_update(
  File "C:\Users\Boris\.pyenv\pyenv-win\versions\3.10.9\lib\site-packages\telegram\ext\_handler.py", line 141, in handle_update
    return await self.callback(update, context)
  File "c:\Users\Boris\YandexDisk\Kate\Small Projects\BelgradeGarbageCollector\core\commands.py", line 44, in photo
    print(context.user_data.keys()[0])
TypeError: 'dict_keys' object is not subscriptable
2023-05-04 18:06:01,949 - apscheduler.scheduler - INFO - Scheduler started
2023-05-04 18:06:01,950 - telegram.ext._application - INFO - Application started
2023-05-04 18:06:02,060 - logInfo - INFO - User name Ekaterina, id 699094527
2023-05-04 18:06:07,158 - logInfo - INFO - User 699094527 uploaded the photo
2023-05-04 18:06:34,697 - logInfo - INFO - Location of 699094527: 44.797169 / 20.333840
2023-05-04 18:11:29,155 - apscheduler.scheduler - INFO - Scheduler started
2023-05-04 18:11:29,155 - telegram.ext._application - INFO - Application started
2023-05-04 18:11:42,313 - logInfo - INFO - User name Ekaterina, id 699094527
2023-05-04 18:11:45,635 - logInfo - INFO - User 699094527 uploaded the photo
2023-05-04 18:11:52,272 - logInfo - INFO - Location of 699094527: 44.798016 / 20.328823
2023-05-04 18:13:49,198 - apscheduler.scheduler - INFO - Scheduler started
2023-05-04 18:13:49,198 - telegram.ext._application - INFO - Application started
2023-05-04 18:13:52,081 - logInfo - INFO - User name Ekaterina, id 699094527
2023-05-04 18:13:54,950 - logInfo - INFO - User 699094527 uploaded the photo
2023-05-04 18:13:58,743 - logInfo - INFO - Location of 699094527: 44.796189 / 20.332278
2023-05-04 18:13:58,886 - telegram.ext._application - ERROR - No error handlers are registered, logging exception.
Traceback (most recent call last):
  File "C:\Users\Boris\.pyenv\pyenv-win\versions\3.10.9\lib\site-packages\telegram\ext\_application.py", line 1115, in process_update
    await coroutine
  File "C:\Users\Boris\.pyenv\pyenv-win\versions\3.10.9\lib\site-packages\telegram\ext\_conversationhandler.py", line 826, in handle_update
    new_state: object = await handler.handle_update(
  File "C:\Users\Boris\.pyenv\pyenv-win\versions\3.10.9\lib\site-packages\telegram\ext\_handler.py", line 141, in handle_update
    return await self.callback(update, context)
  File "c:\Users\Boris\YandexDisk\Kate\Small Projects\BelgradeGarbageCollector\core\commands.py", line 79, in location
    await asyncio.run(db.insert(context.user_data[key]))
  File "C:\Users\Boris\.pyenv\pyenv-win\versions\3.10.9\lib\asyncio\runners.py", line 33, in run
    raise RuntimeError(
RuntimeError: asyncio.run() cannot be called from a running event loop
2023-05-04 18:16:12,960 - apscheduler.scheduler - INFO - Scheduler started
2023-05-04 18:16:12,961 - telegram.ext._application - INFO - Application started
2023-05-04 18:16:13,072 - logInfo - INFO - User name Ekaterina, id 699094527
2023-05-04 18:16:16,250 - logInfo - INFO - User 699094527 uploaded the photo
2023-05-04 18:16:21,829 - logInfo - INFO - Location of 699094527: 44.796254 / 20.332313
2023-05-04 18:18:53,134 - apscheduler.scheduler - INFO - Scheduler started
2023-05-04 18:18:53,135 - telegram.ext._application - INFO - Application started
2023-05-04 18:19:01,301 - telegram.ext._application - INFO - Application is stopping. This might take a moment.
2023-05-04 18:19:01,302 - apscheduler.scheduler - INFO - Scheduler has been shut down
2023-05-04 18:19:01,302 - telegram.ext._application - INFO - Application.stop() complete
2023-05-04 18:19:03,921 - apscheduler.scheduler - INFO - Scheduler started
2023-05-04 18:19:03,921 - telegram.ext._application - INFO - Application started
2023-05-04 18:19:10,686 - logInfo - INFO - User name Ekaterina, id 699094527
2023-05-04 18:19:14,299 - logInfo - INFO - User 699094527 uploaded the photo
2023-05-04 18:19:19,786 - logInfo - INFO - Location of 699094527: 44.796254 / 20.332313
2023-05-04 18:21:44,156 - apscheduler.scheduler - INFO - Scheduler started
2023-05-04 18:21:44,157 - telegram.ext._application - INFO - Application started
2023-05-04 18:21:47,403 - logInfo - INFO - User name Ekaterina, id 699094527
2023-05-04 18:21:52,282 - logInfo - INFO - User 699094527 uploaded the photo
2023-05-04 18:21:58,517 - logInfo - INFO - Location of 699094527: 44.796254 / 20.332313
2023-05-04 18:21:58,808 - telegram.ext._application - ERROR - No error handlers are registered, logging exception.
Traceback (most recent call last):
  File "C:\Users\Boris\.pyenv\pyenv-win\versions\3.10.9\lib\site-packages\telegram\ext\_application.py", line 1115, in process_update
    await coroutine
  File "C:\Users\Boris\.pyenv\pyenv-win\versions\3.10.9\lib\site-packages\telegram\ext\_conversationhandler.py", line 826, in handle_update
    new_state: object = await handler.handle_update(
  File "C:\Users\Boris\.pyenv\pyenv-win\versions\3.10.9\lib\site-packages\telegram\ext\_handler.py", line 141, in handle_update
    return await self.callback(update, context)
  File "c:\Users\Boris\YandexDisk\Kate\Small Projects\BelgradeGarbageCollector\core\commands.py", line 79, in location
    await asyncio(db.setup())
TypeError: 'module' object is not callable
2023-05-04 19:24:13,605 - apscheduler.scheduler - INFO - Scheduler started
2023-05-04 19:24:13,605 - telegram.ext._application - INFO - Application started
2023-05-04 19:24:31,708 - logInfo - INFO - User name Ekaterina, id 699094527
2023-05-04 19:24:38,038 - logInfo - INFO - User 699094527 uploaded the photo
2023-05-04 19:24:44,614 - logInfo - INFO - Location of 699094527: 44.796189 / 20.332278
2023-05-04 19:24:44,784 - telegram.ext._application - ERROR - No error handlers are registered, logging exception.
Traceback (most recent call last):
  File "C:\Users\Boris\.pyenv\pyenv-win\versions\3.10.9\lib\site-packages\telegram\ext\_application.py", line 1115, in process_update
    await coroutine
  File "C:\Users\Boris\.pyenv\pyenv-win\versions\3.10.9\lib\site-packages\telegram\ext\_conversationhandler.py", line 826, in handle_update
    new_state: object = await handler.handle_update(
  File "C:\Users\Boris\.pyenv\pyenv-win\versions\3.10.9\lib\site-packages\telegram\ext\_handler.py", line 141, in handle_update
    return await self.callback(update, context)
  File "c:\Users\Boris\YandexDisk\Kate\Small Projects\BelgradeGarbageCollector\core\commands.py", line 81, in location
    await asyncio(db.setup())
TypeError: 'module' object is not callable
2023-05-04 19:26:33,710 - apscheduler.scheduler - INFO - Scheduler started
2023-05-04 19:26:33,711 - telegram.ext._application - INFO - Application started
2023-05-04 19:26:39,199 - logInfo - INFO - User name Ekaterina, id 699094527
2023-05-04 19:26:42,998 - logInfo - INFO - User 699094527 uploaded the photo
2023-05-04 19:26:47,202 - logInfo - INFO - Location of 699094527: 44.796189 / 20.332278
2023-05-04 19:26:47,333 - telegram.ext._application - ERROR - No error handlers are registered, logging exception.
Traceback (most recent call last):
  File "C:\Users\Boris\.pyenv\pyenv-win\versions\3.10.9\lib\site-packages\telegram\ext\_application.py", line 1115, in process_update
    await coroutine
  File "C:\Users\Boris\.pyenv\pyenv-win\versions\3.10.9\lib\site-packages\telegram\ext\_conversationhandler.py", line 826, in handle_update
    new_state: object = await handler.handle_update(
  File "C:\Users\Boris\.pyenv\pyenv-win\versions\3.10.9\lib\site-packages\telegram\ext\_handler.py", line 141, in handle_update
    return await self.callback(update, context)
  File "c:\Users\Boris\YandexDisk\Kate\Small Projects\BelgradeGarbageCollector\core\commands.py", line 81, in location
    await asyncio.run(db.setup())
  File "C:\Users\Boris\.pyenv\pyenv-win\versions\3.10.9\lib\asyncio\runners.py", line 33, in run
    raise RuntimeError(
RuntimeError: asyncio.run() cannot be called from a running event loop
2023-05-04 19:34:54,644 - apscheduler.scheduler - INFO - Scheduler started
2023-05-04 19:34:54,644 - telegram.ext._application - INFO - Application started
2023-05-04 19:34:59,151 - logInfo - INFO - User name Ekaterina, id 699094527
2023-05-04 19:35:04,392 - logInfo - INFO - User 699094527 uploaded the photo
2023-05-04 19:35:09,158 - logInfo - INFO - Location of 699094527: 44.796189 / 20.332278
2023-05-04 19:35:50,680 - apscheduler.scheduler - INFO - Scheduler started
2023-05-04 19:35:50,680 - telegram.ext._application - INFO - Application started
2023-05-04 19:35:55,537 - logInfo - INFO - User name Ekaterina, id 699094527
2023-05-04 19:35:58,791 - logInfo - INFO - User 699094527 uploaded the photo
2023-05-04 19:36:04,232 - logInfo - INFO - Location of 699094527: 44.796276 / 20.332324
2023-05-04 19:38:27,861 - apscheduler.scheduler - INFO - Scheduler started
2023-05-04 19:38:27,861 - telegram.ext._application - INFO - Application started
2023-05-04 19:38:33,999 - logInfo - INFO - User name Ekaterina, id 699094527
2023-05-04 19:38:37,842 - logInfo - INFO - User 699094527 uploaded the photo
2023-05-04 19:38:43,467 - logInfo - INFO - Location of 699094527: 44.796189 / 20.332278
2023-05-04 19:40:08,514 - apscheduler.scheduler - INFO - Scheduler started
2023-05-04 19:40:08,515 - telegram.ext._application - INFO - Application started
2023-05-04 19:40:15,226 - logInfo - INFO - User name Ekaterina, id 699094527
2023-05-04 19:40:18,159 - logInfo - INFO - User 699094527 uploaded the photo
2023-05-04 19:40:21,798 - logInfo - INFO - Location of 699094527: 44.796189 / 20.332278
2023-05-04 20:14:58,220 - logInfo - INFO - User name Ekaterina, id 699094527
2023-05-04 20:15:19,371 - logInfo - INFO - User 699094527 uploaded the photo
2023-05-04 20:23:49,990 - logInfo - INFO - Location of 699094527: 44.796189 / 20.332278
2023-05-04 20:27:13,497 - telegram.ext._application - INFO - Application is stopping. This might take a moment.
2023-05-04 20:27:13,497 - apscheduler.scheduler - INFO - Scheduler has been shut down
2023-05-04 20:27:13,498 - telegram.ext._application - INFO - Application.stop() complete
2023-05-04 20:27:29,267 - apscheduler.scheduler - INFO - Scheduler started
2023-05-04 20:27:29,267 - telegram.ext._application - INFO - Application started
2023-05-04 20:27:51,900 - logInfo - INFO - User name Ekaterina, id 699094527
2023-05-04 20:27:56,083 - logInfo - INFO - User 699094527 uploaded the photo
2023-05-04 20:28:00,207 - logInfo - INFO - Location of 699094527: 44.796189 / 20.332278
2023-05-04 20:28:11,177 - logInfo - INFO - User name Ekaterina, id 699094527
2023-05-04 20:28:20,988 - logInfo - INFO - User 699094527 uploaded the photo
2023-05-04 20:28:24,636 - logInfo - INFO - Location of 699094527: 44.796189 / 20.332278
2023-05-04 20:29:51,407 - logInfo - INFO - User name Ekaterina, id 699094527
2023-05-04 20:29:57,392 - logInfo - INFO - User 699094527 uploaded the photo
2023-05-04 20:30:02,136 - logInfo - INFO - Location of 699094527: 44.796189 / 20.332278
2023-05-04 21:05:09,180 - logInfo - INFO - User name Ekaterina, id 699094527
2023-05-04 21:05:13,006 - logInfo - INFO - User 699094527 canceled the conversation
2023-05-04 21:12:23,749 - telegram.ext._application - INFO - Application is stopping. This might take a moment.
2023-05-04 21:12:23,750 - apscheduler.scheduler - INFO - Scheduler has been shut down
2023-05-04 21:12:23,750 - telegram.ext._application - INFO - Application.stop() complete
2023-05-04 21:12:34,741 - apscheduler.scheduler - INFO - Scheduler started
2023-05-04 21:12:34,741 - telegram.ext._application - INFO - Application started
2023-05-04 21:12:42,146 - logInfo - INFO - User name Ekaterina, id 699094527
2023-05-04 21:13:23,833 - logInfo - INFO - User 699094527 uploaded the photo
2023-05-04 21:13:35,472 - logInfo - INFO - Location of 699094527: 44.796983 / 20.332658
2023-05-04 21:13:55,378 - logInfo - INFO - User name Ekaterina, id 699094527
2023-05-04 21:14:02,972 - logInfo - INFO - User 699094527 uploaded the photo
2023-05-04 21:14:06,591 - logInfo - INFO - Location of 699094527: 44.797092 / 20.332715
2023-05-04 21:30:48,178 - telegram.ext._updater - ERROR - Error while getting Updates: httpx.ConnectError: [Errno 11001] getaddrinfo failed
2023-05-04 21:30:48,179 - telegram.ext._application - ERROR - No error handlers are registered, logging exception.
Traceback (most recent call last):
  File "C:\Users\Boris\.pyenv\pyenv-win\versions\3.10.9\lib\site-packages\anyio\_core\_sockets.py", line 186, in connect_tcp
    addr_obj = ip_address(remote_host)
  File "C:\Users\Boris\.pyenv\pyenv-win\versions\3.10.9\lib\ipaddress.py", line 54, in ip_address
    raise ValueError(f'{address!r} does not appear to be an IPv4 or IPv6 address')
ValueError: 'api.telegram.org' does not appear to be an IPv4 or IPv6 address

During handling of the above exception, another exception occurred:

Traceback (most recent call last):
  File "C:\Users\Boris\.pyenv\pyenv-win\versions\3.10.9\lib\site-packages\httpcore\_exceptions.py", line 10, in map_exceptions
    yield
  File "C:\Users\Boris\.pyenv\pyenv-win\versions\3.10.9\lib\site-packages\httpcore\backends\asyncio.py", line 111, in connect_tcp
    stream: anyio.abc.ByteStream = await anyio.connect_tcp(
  File "C:\Users\Boris\.pyenv\pyenv-win\versions\3.10.9\lib\site-packages\anyio\_core\_sockets.py", line 189, in connect_tcp
    gai_res = await getaddrinfo(
  File "C:\Users\Boris\.pyenv\pyenv-win\versions\3.10.9\lib\concurrent\futures\thread.py", line 58, in run
    result = self.fn(*self.args, **self.kwargs)
  File "C:\Users\Boris\.pyenv\pyenv-win\versions\3.10.9\lib\socket.py", line 955, in getaddrinfo
    for res in _socket.getaddrinfo(host, port, family, type, proto, flags):
socket.gaierror: [Errno 11001] getaddrinfo failed

During handling of the above exception, another exception occurred:

Traceback (most recent call last):
  File "C:\Users\Boris\.pyenv\pyenv-win\versions\3.10.9\lib\site-packages\httpx\_transports\default.py", line 60, in map_httpcore_exceptions
    yield
  File "C:\Users\Boris\.pyenv\pyenv-win\versions\3.10.9\lib\site-packages\httpx\_transports\default.py", line 353, in handle_async_request
    resp = await self._pool.handle_async_request(req)
  File "C:\Users\Boris\.pyenv\pyenv-win\versions\3.10.9\lib\site-packages\httpcore\_async\connection_pool.py", line 253, in handle_async_request
    raise exc
  File "C:\Users\Boris\.pyenv\pyenv-win\versions\3.10.9\lib\site-packages\httpcore\_async\connection_pool.py", line 237, in handle_async_request
    response = await connection.handle_async_request(request)
  File "C:\Users\Boris\.pyenv\pyenv-win\versions\3.10.9\lib\site-packages\httpcore\_async\connection.py", line 86, in handle_async_request
    raise exc
  File "C:\Users\Boris\.pyenv\pyenv-win\versions\3.10.9\lib\site-packages\httpcore\_async\connection.py", line 63, in handle_async_request
    stream = await self._connect(request)
  File "C:\Users\Boris\.pyenv\pyenv-win\versions\3.10.9\lib\site-packages\httpcore\_async\connection.py", line 111, in _connect
    stream = await self._network_backend.connect_tcp(**kwargs)
  File "C:\Users\Boris\.pyenv\pyenv-win\versions\3.10.9\lib\site-packages\httpcore\backends\auto.py", line 29, in connect_tcp
    return await self._backend.connect_tcp(
  File "C:\Users\Boris\.pyenv\pyenv-win\versions\3.10.9\lib\site-packages\httpcore\backends\asyncio.py", line 109, in connect_tcp
    with map_exceptions(exc_map):
  File "C:\Users\Boris\.pyenv\pyenv-win\versions\3.10.9\lib\contextlib.py", line 153, in __exit__
    self.gen.throw(typ, value, traceback)
  File "C:\Users\Boris\.pyenv\pyenv-win\versions\3.10.9\lib\site-packages\httpcore\_exceptions.py", line 14, in map_exceptions
    raise to_exc(exc)
httpcore.ConnectError: [Errno 11001] getaddrinfo failed

The above exception was the direct cause of the following exception:

Traceback (most recent call last):
  File "C:\Users\Boris\.pyenv\pyenv-win\versions\3.10.9\lib\site-packages\telegram\request\_httpxrequest.py", line 216, in do_request
    res = await self._client.request(
  File "C:\Users\Boris\.pyenv\pyenv-win\versions\3.10.9\lib\site-packages\httpx\_client.py", line 1533, in request
    return await self.send(request, auth=auth, follow_redirects=follow_redirects)
  File "C:\Users\Boris\.pyenv\pyenv-win\versions\3.10.9\lib\site-packages\httpx\_client.py", line 1620, in send
    response = await self._send_handling_auth(
  File "C:\Users\Boris\.pyenv\pyenv-win\versions\3.10.9\lib\site-packages\httpx\_client.py", line 1648, in _send_handling_auth
    response = await self._send_handling_redirects(
  File "C:\Users\Boris\.pyenv\pyenv-win\versions\3.10.9\lib\site-packages\httpx\_client.py", line 1685, in _send_handling_redirects
    response = await self._send_single_request(request)
  File "C:\Users\Boris\.pyenv\pyenv-win\versions\3.10.9\lib\site-packages\httpx\_client.py", line 1722, in _send_single_request
    response = await transport.handle_async_request(request)
  File "C:\Users\Boris\.pyenv\pyenv-win\versions\3.10.9\lib\site-packages\httpx\_transports\default.py", line 352, in handle_async_request
    with map_httpcore_exceptions():
  File "C:\Users\Boris\.pyenv\pyenv-win\versions\3.10.9\lib\contextlib.py", line 153, in __exit__
    self.gen.throw(typ, value, traceback)
  File "C:\Users\Boris\.pyenv\pyenv-win\versions\3.10.9\lib\site-packages\httpx\_transports\default.py", line 77, in map_httpcore_exceptions
    raise mapped_exc(message) from exc
httpx.ConnectError: [Errno 11001] getaddrinfo failed

The above exception was the direct cause of the following exception:

Traceback (most recent call last):
  File "C:\Users\Boris\.pyenv\pyenv-win\versions\3.10.9\lib\site-packages\telegram\ext\_updater.py", line 607, in _network_loop_retry
    if not await action_cb():
  File "C:\Users\Boris\.pyenv\pyenv-win\versions\3.10.9\lib\site-packages\telegram\ext\_updater.py", line 335, in polling_action_cb
    raise exc
  File "C:\Users\Boris\.pyenv\pyenv-win\versions\3.10.9\lib\site-packages\telegram\ext\_updater.py", line 320, in polling_action_cb
    updates = await self.bot.get_updates(
  File "C:\Users\Boris\.pyenv\pyenv-win\versions\3.10.9\lib\site-packages\telegram\ext\_extbot.py", line 530, in get_updates
    updates = await super().get_updates(
  File "C:\Users\Boris\.pyenv\pyenv-win\versions\3.10.9\lib\site-packages\telegram\_bot.py", line 368, in decorator
    result = await func(*args, **kwargs)  # skipcq: PYL-E1102
  File "C:\Users\Boris\.pyenv\pyenv-win\versions\3.10.9\lib\site-packages\telegram\_bot.py", line 3623, in get_updates
    await self._post(
  File "C:\Users\Boris\.pyenv\pyenv-win\versions\3.10.9\lib\site-packages\telegram\_bot.py", line 456, in _post
    return await self._do_post(
  File "C:\Users\Boris\.pyenv\pyenv-win\versions\3.10.9\lib\site-packages\telegram\ext\_extbot.py", line 312, in _do_post
    return await super()._do_post(
  File "C:\Users\Boris\.pyenv\pyenv-win\versions\3.10.9\lib\site-packages\telegram\_bot.py", line 487, in _do_post
    return await request.post(
  File "C:\Users\Boris\.pyenv\pyenv-win\versions\3.10.9\lib\site-packages\telegram\request\_baserequest.py", line 165, in post
    result = await self._request_wrapper(
  File "C:\Users\Boris\.pyenv\pyenv-win\versions\3.10.9\lib\site-packages\telegram\request\_baserequest.py", line 288, in _request_wrapper
    raise exc
  File "C:\Users\Boris\.pyenv\pyenv-win\versions\3.10.9\lib\site-packages\telegram\request\_baserequest.py", line 274, in _request_wrapper
    code, payload = await self.do_request(
  File "C:\Users\Boris\.pyenv\pyenv-win\versions\3.10.9\lib\site-packages\telegram\request\_httpxrequest.py", line 240, in do_request
    raise NetworkError(f"httpx.{err.__class__.__name__}: {err}") from err
telegram.error.NetworkError: httpx.ConnectError: [Errno 11001] getaddrinfo failed
2023-05-04 21:38:29,905 - telegram.ext._application - INFO - Application is stopping. This might take a moment.
2023-05-04 21:38:29,905 - apscheduler.scheduler - INFO - Scheduler has been shut down
2023-05-04 21:38:29,905 - telegram.ext._application - INFO - Application.stop() complete
2023-05-04 21:44:41,912 - apscheduler.scheduler - INFO - Scheduler started
2023-05-04 21:44:41,912 - telegram.ext._application - INFO - Application started
2023-05-04 21:44:56,478 - logInfo - INFO - User name Ekaterina, id 699094527
2023-05-04 21:45:00,821 - logInfo - INFO - User 699094527 uploaded the photo
2023-05-04 21:45:08,224 - logInfo - INFO - Location of 699094527: 44.796638 / 20.332268
2023-05-04 21:51:33,858 - telegram.ext._application - INFO - Application is stopping. This might take a moment.
2023-05-04 21:51:33,859 - apscheduler.scheduler - INFO - Scheduler has been shut down
2023-05-04 21:51:33,859 - telegram.ext._application - INFO - Application.stop() complete
2023-05-04 21:51:43,663 - apscheduler.scheduler - INFO - Scheduler started
2023-05-04 21:51:43,663 - telegram.ext._application - INFO - Application started
2023-05-04 21:51:44,947 - logInfo - INFO - User name Ekaterina, id 699094527
2023-05-04 21:51:48,580 - telegram.ext._application - ERROR - No error handlers are registered, logging exception.
Traceback (most recent call last):
  File "C:\Users\Boris\.pyenv\pyenv-win\versions\3.10.9\lib\site-packages\telegram\ext\_application.py", line 1115, in process_update
    await coroutine
  File "C:\Users\Boris\.pyenv\pyenv-win\versions\3.10.9\lib\site-packages\telegram\ext\_conversationhandler.py", line 826, in handle_update
    new_state: object = await handler.handle_update(
  File "C:\Users\Boris\.pyenv\pyenv-win\versions\3.10.9\lib\site-packages\telegram\ext\_handler.py", line 141, in handle_update
    return await self.callback(update, context)
  File "c:\Users\Boris\YandexDisk\Kate\Small Projects\BelgradeGarbageCollector\core\commands.py", line 43, in photo
    context.user_data = Entry()
  File "C:\Users\Boris\.pyenv\pyenv-win\versions\3.10.9\lib\site-packages\telegram\ext\_callbackcontext.py", line 218, in user_data
    raise AttributeError(
AttributeError: You can not assign a new value to user_data, see https://github.com/python-telegram-bot/python-telegram-bot/wiki/Storing-bot%2C-user-and-chat-related-data
2023-05-04 21:53:04,715 - telegram.ext._application - INFO - Application is stopping. This might take a moment.
2023-05-04 21:53:04,716 - apscheduler.scheduler - INFO - Scheduler has been shut down
2023-05-04 21:53:04,716 - telegram.ext._application - INFO - Application.stop() complete
2023-05-04 21:53:10,678 - apscheduler.scheduler - INFO - Scheduler started
2023-05-04 21:53:10,678 - telegram.ext._application - INFO - Application started
2023-05-04 21:53:12,483 - logInfo - INFO - User name Ekaterina, id 699094527
2023-05-04 21:53:15,793 - logInfo - INFO - User 699094527 uploaded the photo
2023-05-04 21:53:21,951 - logInfo - INFO - Location of 699094527: 44.796359 / 20.332577
2023-05-04 21:53:36,635 - logInfo - INFO - User name Ekaterina, id 699094527
2023-05-04 21:53:39,556 - logInfo - INFO - User 699094527 uploaded the photo
2023-05-04 21:53:42,850 - logInfo - INFO - Location of 699094527: 44.796189 / 20.332278
2023-05-05 11:27:13,388 - telegram.ext._application - INFO - Application is stopping. This might take a moment.
2023-05-05 11:27:13,388 - apscheduler.scheduler - INFO - Scheduler has been shut down
2023-05-05 11:27:13,389 - telegram.ext._application - INFO - Application.stop() complete
2023-05-05 11:27:17,195 - apscheduler.scheduler - INFO - Scheduler started
2023-05-05 11:27:17,196 - telegram.ext._application - INFO - Application started
2023-05-05 11:27:49,240 - logInfo - INFO - User name Ekaterina, id 699094527
2023-05-05 11:27:53,897 - logInfo - INFO - User 699094527 canceled the conversation
2023-05-05 11:56:50,087 - telegram.ext._application - INFO - Application is stopping. This might take a moment.
2023-05-05 11:56:50,089 - apscheduler.scheduler - INFO - Scheduler has been shut down
2023-05-05 11:56:50,089 - telegram.ext._application - INFO - Application.stop() complete
2023-05-05 12:17:39,226 - apscheduler.scheduler - INFO - Scheduler started
2023-05-05 12:17:39,227 - telegram.ext._application - INFO - Application started
2023-05-05 12:18:14,009 - telegram.ext._application - INFO - Application is stopping. This might take a moment.
2023-05-05 12:18:14,010 - apscheduler.scheduler - INFO - Scheduler has been shut down
2023-05-05 12:18:14,010 - telegram.ext._application - INFO - Application.stop() complete
2023-05-05 12:19:57,892 - apscheduler.scheduler - INFO - Scheduler started
2023-05-05 12:19:57,892 - telegram.ext._application - INFO - Application started
2023-05-05 12:20:25,148 - telegram.ext._application - INFO - Application is stopping. This might take a moment.
2023-05-05 12:20:25,148 - apscheduler.scheduler - INFO - Scheduler has been shut down
2023-05-05 12:20:25,148 - telegram.ext._application - INFO - Application.stop() complete
2023-05-05 12:21:23,361 - apscheduler.scheduler - INFO - Scheduler started
2023-05-05 12:21:23,361 - telegram.ext._application - INFO - Application started
2023-05-05 12:51:17,381 - apscheduler.scheduler - INFO - Scheduler started
2023-05-05 12:51:17,382 - telegram.ext._application - INFO - Application started
2023-05-05 12:51:27,046 - telegram.ext._application - ERROR - No error handlers are registered, logging exception.
Traceback (most recent call last):
  File "C:\Users\Boris\.pyenv\pyenv-win\versions\3.10.9\lib\site-packages\telegram\ext\_application.py", line 1115, in process_update
    await coroutine
  File "C:\Users\Boris\.pyenv\pyenv-win\versions\3.10.9\lib\site-packages\telegram\ext\_conversationhandler.py", line 826, in handle_update
    new_state: object = await handler.handle_update(
  File "C:\Users\Boris\.pyenv\pyenv-win\versions\3.10.9\lib\site-packages\telegram\ext\_handler.py", line 141, in handle_update
    return await self.callback(update, context)
  File "c:\Users\Boris\YandexDisk\Kate\Small Projects\BelgradeGarbageCollector\core\commands.py", line 24, in start
    if update.callback_query.data == 'start_sharing':
AttributeError: 'NoneType' object has no attribute 'data'
2023-05-05 12:56:03,351 - telegram.ext._application - ERROR - No error handlers are registered, logging exception.
Traceback (most recent call last):
  File "C:\Users\Boris\.pyenv\pyenv-win\versions\3.10.9\lib\site-packages\telegram\ext\_application.py", line 1115, in process_update
    await coroutine
  File "C:\Users\Boris\.pyenv\pyenv-win\versions\3.10.9\lib\site-packages\telegram\ext\_conversationhandler.py", line 826, in handle_update
    new_state: object = await handler.handle_update(
  File "C:\Users\Boris\.pyenv\pyenv-win\versions\3.10.9\lib\site-packages\telegram\ext\_handler.py", line 141, in handle_update
    return await self.callback(update, context)
  File "c:\Users\Boris\YandexDisk\Kate\Small Projects\BelgradeGarbageCollector\core\commands.py", line 24, in start
    if update.callback_query.data == 'start_sharing':
AttributeError: 'NoneType' object has no attribute 'data'
2023-05-05 12:56:46,445 - telegram.ext._application - ERROR - No error handlers are registered, logging exception.
Traceback (most recent call last):
  File "C:\Users\Boris\.pyenv\pyenv-win\versions\3.10.9\lib\site-packages\telegram\ext\_application.py", line 1115, in process_update
    await coroutine
  File "C:\Users\Boris\.pyenv\pyenv-win\versions\3.10.9\lib\site-packages\telegram\ext\_conversationhandler.py", line 826, in handle_update
    new_state: object = await handler.handle_update(
  File "C:\Users\Boris\.pyenv\pyenv-win\versions\3.10.9\lib\site-packages\telegram\ext\_handler.py", line 141, in handle_update
    return await self.callback(update, context)
  File "c:\Users\Boris\YandexDisk\Kate\Small Projects\BelgradeGarbageCollector\core\commands.py", line 24, in start
    if update.callback_query.data == 'start_sharing':
AttributeError: 'NoneType' object has no attribute 'data'
2023-05-05 12:58:22,187 - telegram.ext._application - ERROR - No error handlers are registered, logging exception.
Traceback (most recent call last):
  File "C:\Users\Boris\.pyenv\pyenv-win\versions\3.10.9\lib\site-packages\telegram\ext\_application.py", line 1115, in process_update
    await coroutine
  File "C:\Users\Boris\.pyenv\pyenv-win\versions\3.10.9\lib\site-packages\telegram\ext\_conversationhandler.py", line 826, in handle_update
    new_state: object = await handler.handle_update(
  File "C:\Users\Boris\.pyenv\pyenv-win\versions\3.10.9\lib\site-packages\telegram\ext\_handler.py", line 141, in handle_update
    return await self.callback(update, context)
  File "c:\Users\Boris\YandexDisk\Kate\Small Projects\BelgradeGarbageCollector\core\commands.py", line 24, in start
    if update.callback_query.data == 'start_sharing':
AttributeError: 'NoneType' object has no attribute 'data'
2023-05-05 13:03:32,037 - telegram.ext._application - ERROR - No error handlers are registered, logging exception.
Traceback (most recent call last):
  File "C:\Users\Boris\.pyenv\pyenv-win\versions\3.10.9\lib\site-packages\telegram\ext\_application.py", line 1115, in process_update
    await coroutine
  File "C:\Users\Boris\.pyenv\pyenv-win\versions\3.10.9\lib\site-packages\telegram\ext\_conversationhandler.py", line 826, in handle_update
    new_state: object = await handler.handle_update(
  File "C:\Users\Boris\.pyenv\pyenv-win\versions\3.10.9\lib\site-packages\telegram\ext\_handler.py", line 141, in handle_update
    return await self.callback(update, context)
  File "c:\Users\Boris\YandexDisk\Kate\Small Projects\BelgradeGarbageCollector\core\commands.py", line 24, in start
    if update.callback_query.data == 'start_sharing':
AttributeError: 'NoneType' object has no attribute 'data'
2023-05-05 13:09:04,847 - telegram.ext._application - ERROR - No error handlers are registered, logging exception.
Traceback (most recent call last):
  File "C:\Users\Boris\.pyenv\pyenv-win\versions\3.10.9\lib\site-packages\telegram\ext\_application.py", line 1115, in process_update
    await coroutine
  File "C:\Users\Boris\.pyenv\pyenv-win\versions\3.10.9\lib\site-packages\telegram\ext\_conversationhandler.py", line 826, in handle_update
    new_state: object = await handler.handle_update(
  File "C:\Users\Boris\.pyenv\pyenv-win\versions\3.10.9\lib\site-packages\telegram\ext\_handler.py", line 141, in handle_update
    return await self.callback(update, context)
  File "c:\Users\Boris\YandexDisk\Kate\Small Projects\BelgradeGarbageCollector\core\commands.py", line 24, in start
    if update.callback_query.data == 'start_sharing':
AttributeError: 'NoneType' object has no attribute 'data'
2023-05-05 13:09:19,334 - telegram.ext._application - INFO - Application is stopping. This might take a moment.
2023-05-05 13:09:19,334 - apscheduler.scheduler - INFO - Scheduler has been shut down
2023-05-05 13:09:19,334 - telegram.ext._application - INFO - Application.stop() complete
2023-05-05 13:32:24,264 - apscheduler.scheduler - INFO - Scheduler started
2023-05-05 13:32:24,264 - telegram.ext._application - INFO - Application started
2023-05-05 13:32:51,064 - telegram.ext._application - ERROR - No error handlers are registered, logging exception.
Traceback (most recent call last):
  File "C:\Users\Boris\.pyenv\pyenv-win\versions\3.10.9\lib\site-packages\telegram\ext\_application.py", line 1115, in process_update
    await coroutine
  File "C:\Users\Boris\.pyenv\pyenv-win\versions\3.10.9\lib\site-packages\telegram\ext\_conversationhandler.py", line 826, in handle_update
    new_state: object = await handler.handle_update(
  File "C:\Users\Boris\.pyenv\pyenv-win\versions\3.10.9\lib\site-packages\telegram\ext\_handler.py", line 141, in handle_update
    return await self.callback(update, context)
  File "c:\Users\Boris\YandexDisk\Kate\Small Projects\BelgradeGarbageCollector\core\commands.py", line 22, in start
    await update.callback_query.message.reply_text("Привет! Начнем?", reply_markup=keyboard_welcome)
AttributeError: 'NoneType' object has no attribute 'message'
2023-05-05 14:10:56,493 - telegram.ext._application - INFO - Application is stopping. This might take a moment.
2023-05-05 14:10:56,493 - apscheduler.scheduler - INFO - Scheduler has been shut down
2023-05-05 14:10:56,493 - telegram.ext._application - INFO - Application.stop() complete
2023-05-05 14:11:07,033 - apscheduler.scheduler - INFO - Scheduler started
2023-05-05 14:11:07,033 - telegram.ext._application - INFO - Application started
2023-05-05 14:11:27,575 - logInfo - INFO - User name Ekaterina, id 699094527 started the conversation
2023-05-05 14:12:04,652 - telegram.ext._application - INFO - Application is stopping. This might take a moment.
2023-05-05 14:12:04,653 - apscheduler.scheduler - INFO - Scheduler has been shut down
2023-05-05 14:12:04,653 - telegram.ext._application - INFO - Application.stop() complete
2023-05-05 14:12:09,694 - apscheduler.scheduler - INFO - Scheduler started
2023-05-05 14:12:09,695 - telegram.ext._application - INFO - Application started
2023-05-05 14:12:14,613 - logInfo - INFO - User name Ekaterina, id 699094527 started the conversation
2023-05-05 14:13:40,687 - telegram.ext._application - INFO - Application is stopping. This might take a moment.
2023-05-05 14:13:40,687 - apscheduler.scheduler - INFO - Scheduler has been shut down
2023-05-05 14:13:40,687 - telegram.ext._application - INFO - Application.stop() complete
2023-05-05 14:39:29,534 - apscheduler.scheduler - INFO - Scheduler started
2023-05-05 14:39:29,535 - telegram.ext._application - INFO - Application started
2023-05-05 14:39:44,620 - logInfo - INFO - User name Ekaterina, id 699094527 started the conversation
2023-05-05 14:40:01,756 - telegram.ext._application - INFO - Application is stopping. This might take a moment.
2023-05-05 14:40:01,756 - apscheduler.scheduler - INFO - Scheduler has been shut down
2023-05-05 14:40:01,756 - telegram.ext._application - INFO - Application.stop() complete
2023-05-05 15:50:52,040 - apscheduler.scheduler - INFO - Scheduler started
2023-05-05 15:50:52,041 - telegram.ext._application - INFO - Application started
2023-05-05 15:50:56,016 - logInfo - INFO - User name Ekaterina, id 699094527 started the conversation
2023-05-05 15:50:57,720 - telegram.ext._application - ERROR - No error handlers are registered, logging exception.
Traceback (most recent call last):
  File "C:\Users\Boris\.pyenv\pyenv-win\versions\3.10.9\lib\site-packages\telegram\ext\_application.py", line 1115, in process_update
    await coroutine
  File "C:\Users\Boris\.pyenv\pyenv-win\versions\3.10.9\lib\site-packages\telegram\ext\_conversationhandler.py", line 826, in handle_update
    new_state: object = await handler.handle_update(
  File "C:\Users\Boris\.pyenv\pyenv-win\versions\3.10.9\lib\site-packages\telegram\ext\_handler.py", line 141, in handle_update
    return await self.callback(update, context)
  File "c:\Users\Boris\YandexDisk\Kate\Small Projects\BelgradeGarbageCollector\core\commands.py", line 56, in cancel
    user = update.message.from_user
AttributeError: 'NoneType' object has no attribute 'from_user'
2023-05-05 15:51:10,483 - telegram.ext._application - INFO - Application is stopping. This might take a moment.
2023-05-05 15:51:10,483 - apscheduler.scheduler - INFO - Scheduler has been shut down
2023-05-05 15:51:10,483 - telegram.ext._application - INFO - Application.stop() complete
2023-05-05 15:53:57,525 - apscheduler.scheduler - INFO - Scheduler started
2023-05-05 15:53:57,525 - telegram.ext._application - INFO - Application started
2023-05-05 15:54:02,725 - logInfo - INFO - User name Ekaterina, id 699094527 started the conversation
2023-05-05 15:54:04,598 - telegram.ext._application - ERROR - No error handlers are registered, logging exception.
Traceback (most recent call last):
  File "C:\Users\Boris\.pyenv\pyenv-win\versions\3.10.9\lib\site-packages\telegram\ext\_application.py", line 1115, in process_update
    await coroutine
  File "C:\Users\Boris\.pyenv\pyenv-win\versions\3.10.9\lib\site-packages\telegram\ext\_conversationhandler.py", line 826, in handle_update
    new_state: object = await handler.handle_update(
  File "C:\Users\Boris\.pyenv\pyenv-win\versions\3.10.9\lib\site-packages\telegram\ext\_handler.py", line 141, in handle_update
    return await self.callback(update, context)
  File "c:\Users\Boris\YandexDisk\Kate\Small Projects\BelgradeGarbageCollector\core\commands.py", line 56, in cancel
    user = update.message.from_user
AttributeError: 'NoneType' object has no attribute 'from_user'
2023-05-05 15:57:13,458 - telegram.ext._application - INFO - Application is stopping. This might take a moment.
2023-05-05 15:57:13,459 - apscheduler.scheduler - INFO - Scheduler has been shut down
2023-05-05 15:57:13,459 - telegram.ext._application - INFO - Application.stop() complete
2023-05-05 15:57:21,348 - apscheduler.scheduler - INFO - Scheduler started
2023-05-05 15:57:21,349 - telegram.ext._application - INFO - Application started
2023-05-05 15:57:26,419 - logInfo - INFO - User name Ekaterina, id 699094527 started the conversation
2023-05-05 15:57:28,154 - telegram.ext._application - ERROR - No error handlers are registered, logging exception.
Traceback (most recent call last):
  File "C:\Users\Boris\.pyenv\pyenv-win\versions\3.10.9\lib\site-packages\telegram\ext\_application.py", line 1115, in process_update
    await coroutine
  File "C:\Users\Boris\.pyenv\pyenv-win\versions\3.10.9\lib\site-packages\telegram\ext\_conversationhandler.py", line 826, in handle_update
    new_state: object = await handler.handle_update(
  File "C:\Users\Boris\.pyenv\pyenv-win\versions\3.10.9\lib\site-packages\telegram\ext\_handler.py", line 141, in handle_update
    return await self.callback(update, context)
  File "c:\Users\Boris\YandexDisk\Kate\Small Projects\BelgradeGarbageCollector\core\commands.py", line 45, in start_sharing
    await query.answer
TypeError: object method can't be used in 'await' expression
2023-05-05 15:57:35,546 - telegram.ext._application - INFO - Application is stopping. This might take a moment.
2023-05-05 15:57:35,546 - apscheduler.scheduler - INFO - Scheduler has been shut down
2023-05-05 15:57:35,547 - telegram.ext._application - INFO - Application.stop() complete
2023-05-05 15:57:39,482 - apscheduler.scheduler - INFO - Scheduler started
2023-05-05 15:57:39,482 - telegram.ext._application - INFO - Application started
2023-05-05 15:57:43,254 - logInfo - INFO - User name Ekaterina, id 699094527 started the conversation
2023-05-05 15:57:46,339 - telegram.ext._application - ERROR - No error handlers are registered, logging exception.
Traceback (most recent call last):
  File "C:\Users\Boris\.pyenv\pyenv-win\versions\3.10.9\lib\site-packages\telegram\ext\_application.py", line 1115, in process_update
    await coroutine
  File "C:\Users\Boris\.pyenv\pyenv-win\versions\3.10.9\lib\site-packages\telegram\ext\_conversationhandler.py", line 826, in handle_update
    new_state: object = await handler.handle_update(
  File "C:\Users\Boris\.pyenv\pyenv-win\versions\3.10.9\lib\site-packages\telegram\ext\_handler.py", line 141, in handle_update
    return await self.callback(update, context)
  File "c:\Users\Boris\YandexDisk\Kate\Small Projects\BelgradeGarbageCollector\core\commands.py", line 57, in cancel
    await query.answer
TypeError: object method can't be used in 'await' expression
2023-05-05 16:14:13,968 - telegram.ext._application - INFO - Application is stopping. This might take a moment.
2023-05-05 16:14:13,969 - apscheduler.scheduler - INFO - Scheduler has been shut down
2023-05-05 16:14:13,969 - telegram.ext._application - INFO - Application.stop() complete
2023-05-05 16:14:23,596 - apscheduler.scheduler - INFO - Scheduler started
2023-05-05 16:14:23,596 - telegram.ext._application - INFO - Application started
2023-05-05 16:14:39,120 - logInfo - INFO - User name Ekaterina, id 699094527 started the conversation
2023-05-05 16:14:41,271 - telegram.ext._application - ERROR - No error handlers are registered, logging exception.
Traceback (most recent call last):
  File "C:\Users\Boris\.pyenv\pyenv-win\versions\3.10.9\lib\site-packages\telegram\ext\_application.py", line 1115, in process_update
    await coroutine
  File "C:\Users\Boris\.pyenv\pyenv-win\versions\3.10.9\lib\site-packages\telegram\ext\_conversationhandler.py", line 826, in handle_update
    new_state: object = await handler.handle_update(
  File "C:\Users\Boris\.pyenv\pyenv-win\versions\3.10.9\lib\site-packages\telegram\ext\_handler.py", line 141, in handle_update
    return await self.callback(update, context)
  File "c:\Users\Boris\YandexDisk\Kate\Small Projects\BelgradeGarbageCollector\core\commands.py", line 58, in cancel
    await query.answer
TypeError: object method can't be used in 'await' expression
2023-05-05 16:15:08,546 - telegram.ext._application - INFO - Application is stopping. This might take a moment.
2023-05-05 16:15:08,546 - apscheduler.scheduler - INFO - Scheduler has been shut down
2023-05-05 16:15:08,547 - telegram.ext._application - INFO - Application.stop() complete
2023-05-05 16:15:14,645 - apscheduler.scheduler - INFO - Scheduler started
2023-05-05 16:15:14,645 - telegram.ext._application - INFO - Application started
2023-05-05 16:15:16,970 - logInfo - INFO - User name Ekaterina, id 699094527 started the conversation
2023-05-05 16:15:18,667 - logInfo - INFO - User 6020419408 canceled the conversation
2023-05-05 16:15:18,753 - telegram.ext._application - ERROR - No error handlers are registered, logging exception.
Traceback (most recent call last):
  File "C:\Users\Boris\.pyenv\pyenv-win\versions\3.10.9\lib\site-packages\telegram\ext\_application.py", line 1115, in process_update
    await coroutine
  File "C:\Users\Boris\.pyenv\pyenv-win\versions\3.10.9\lib\site-packages\telegram\ext\_conversationhandler.py", line 826, in handle_update
    new_state: object = await handler.handle_update(
  File "C:\Users\Boris\.pyenv\pyenv-win\versions\3.10.9\lib\site-packages\telegram\ext\_handler.py", line 141, in handle_update
    return await self.callback(update, context)
  File "c:\Users\Boris\YandexDisk\Kate\Small Projects\BelgradeGarbageCollector\core\commands.py", line 60, in cancel
    await bot.edit_message_text(
  File "C:\Users\Boris\.pyenv\pyenv-win\versions\3.10.9\lib\site-packages\telegram\ext\_extbot.py", line 1467, in edit_message_text
    return await super().edit_message_text(
  File "C:\Users\Boris\.pyenv\pyenv-win\versions\3.10.9\lib\site-packages\telegram\_bot.py", line 368, in decorator
    result = await func(*args, **kwargs)  # skipcq: PYL-E1102
  File "C:\Users\Boris\.pyenv\pyenv-win\versions\3.10.9\lib\site-packages\telegram\_bot.py", line 3343, in edit_message_text
    return await self._send_message(
  File "C:\Users\Boris\.pyenv\pyenv-win\versions\3.10.9\lib\site-packages\telegram\ext\_extbot.py", line 494, in _send_message
    result = await super()._send_message(
  File "C:\Users\Boris\.pyenv\pyenv-win\versions\3.10.9\lib\site-packages\telegram\_bot.py", line 549, in _send_message
    result = await self._post(
  File "C:\Users\Boris\.pyenv\pyenv-win\versions\3.10.9\lib\site-packages\telegram\_bot.py", line 456, in _post
    return await self._do_post(
  File "C:\Users\Boris\.pyenv\pyenv-win\versions\3.10.9\lib\site-packages\telegram\ext\_extbot.py", line 312, in _do_post
    return await super()._do_post(
  File "C:\Users\Boris\.pyenv\pyenv-win\versions\3.10.9\lib\site-packages\telegram\_bot.py", line 487, in _do_post
    return await request.post(
  File "C:\Users\Boris\.pyenv\pyenv-win\versions\3.10.9\lib\site-packages\telegram\request\_baserequest.py", line 165, in post
    result = await self._request_wrapper(
  File "C:\Users\Boris\.pyenv\pyenv-win\versions\3.10.9\lib\site-packages\telegram\request\_baserequest.py", line 328, in _request_wrapper
    raise BadRequest(message)
telegram.error.BadRequest: Message identifier is not specified
2023-05-05 16:16:11,668 - telegram.ext._application - INFO - Application is stopping. This might take a moment.
2023-05-05 16:16:11,669 - apscheduler.scheduler - INFO - Scheduler has been shut down
2023-05-05 16:16:11,669 - telegram.ext._application - INFO - Application.stop() complete
2023-05-05 16:16:17,132 - apscheduler.scheduler - INFO - Scheduler started
2023-05-05 16:16:17,132 - telegram.ext._application - INFO - Application started
2023-05-05 16:16:20,302 - logInfo - INFO - User name Ekaterina, id 699094527 started the conversation
2023-05-05 16:16:22,358 - logInfo - INFO - User 6020419408 canceled the conversation
2023-05-05 16:16:22,359 - telegram.ext._application - ERROR - No error handlers are registered, logging exception.
Traceback (most recent call last):
  File "C:\Users\Boris\.pyenv\pyenv-win\versions\3.10.9\lib\site-packages\telegram\ext\_application.py", line 1115, in process_update
    await coroutine
  File "C:\Users\Boris\.pyenv\pyenv-win\versions\3.10.9\lib\site-packages\telegram\ext\_conversationhandler.py", line 826, in handle_update
    new_state: object = await handler.handle_update(
  File "C:\Users\Boris\.pyenv\pyenv-win\versions\3.10.9\lib\site-packages\telegram\ext\_handler.py", line 141, in handle_update
    return await self.callback(update, context)
  File "c:\Users\Boris\YandexDisk\Kate\Small Projects\BelgradeGarbageCollector\core\commands.py", line 60, in cancel
    await update.message.reply_text(
AttributeError: 'NoneType' object has no attribute 'reply_text'
2023-05-05 16:18:15,238 - telegram.ext._application - INFO - Application is stopping. This might take a moment.
2023-05-05 16:18:15,238 - apscheduler.scheduler - INFO - Scheduler has been shut down
2023-05-05 16:18:15,238 - telegram.ext._application - INFO - Application.stop() complete
2023-05-05 16:18:52,108 - apscheduler.scheduler - INFO - Scheduler started
2023-05-05 16:18:52,109 - telegram.ext._application - INFO - Application started
2023-05-05 16:18:55,041 - logInfo - INFO - User name Ekaterina, id 699094527 started the conversation
2023-05-05 16:18:56,765 - logInfo - INFO - User 6020419408 canceled the conversation
2023-05-05 16:18:56,807 - telegram.ext._application - ERROR - No error handlers are registered, logging exception.
Traceback (most recent call last):
  File "C:\Users\Boris\.pyenv\pyenv-win\versions\3.10.9\lib\site-packages\telegram\ext\_application.py", line 1115, in process_update
    await coroutine
  File "C:\Users\Boris\.pyenv\pyenv-win\versions\3.10.9\lib\site-packages\telegram\ext\_conversationhandler.py", line 826, in handle_update
    new_state: object = await handler.handle_update(
  File "C:\Users\Boris\.pyenv\pyenv-win\versions\3.10.9\lib\site-packages\telegram\ext\_handler.py", line 141, in handle_update
    return await self.callback(update, context)
  File "c:\Users\Boris\YandexDisk\Kate\Small Projects\BelgradeGarbageCollector\core\commands.py", line 58, in cancel
    await query.message.edit_text(
  File "C:\Users\Boris\.pyenv\pyenv-win\versions\3.10.9\lib\site-packages\telegram\_message.py", line 2493, in edit_text
    return await self.get_bot().edit_message_text(
  File "C:\Users\Boris\.pyenv\pyenv-win\versions\3.10.9\lib\site-packages\telegram\ext\_extbot.py", line 1467, in edit_message_text
    return await super().edit_message_text(
  File "C:\Users\Boris\.pyenv\pyenv-win\versions\3.10.9\lib\site-packages\telegram\_bot.py", line 368, in decorator
    result = await func(*args, **kwargs)  # skipcq: PYL-E1102
  File "C:\Users\Boris\.pyenv\pyenv-win\versions\3.10.9\lib\site-packages\telegram\_bot.py", line 3343, in edit_message_text
    return await self._send_message(
  File "C:\Users\Boris\.pyenv\pyenv-win\versions\3.10.9\lib\site-packages\telegram\ext\_extbot.py", line 494, in _send_message
    result = await super()._send_message(
  File "C:\Users\Boris\.pyenv\pyenv-win\versions\3.10.9\lib\site-packages\telegram\_bot.py", line 549, in _send_message
    result = await self._post(
  File "C:\Users\Boris\.pyenv\pyenv-win\versions\3.10.9\lib\site-packages\telegram\_bot.py", line 456, in _post
    return await self._do_post(
  File "C:\Users\Boris\.pyenv\pyenv-win\versions\3.10.9\lib\site-packages\telegram\ext\_extbot.py", line 312, in _do_post
    return await super()._do_post(
  File "C:\Users\Boris\.pyenv\pyenv-win\versions\3.10.9\lib\site-packages\telegram\_bot.py", line 487, in _do_post
    return await request.post(
  File "C:\Users\Boris\.pyenv\pyenv-win\versions\3.10.9\lib\site-packages\telegram\request\_baserequest.py", line 165, in post
    result = await self._request_wrapper(
  File "C:\Users\Boris\.pyenv\pyenv-win\versions\3.10.9\lib\site-packages\telegram\request\_baserequest.py", line 328, in _request_wrapper
    raise BadRequest(message)
telegram.error.BadRequest: Inline keyboard expected
2023-05-05 16:19:44,625 - telegram.ext._application - INFO - Application is stopping. This might take a moment.
2023-05-05 16:19:44,625 - apscheduler.scheduler - INFO - Scheduler has been shut down
2023-05-05 16:19:44,625 - telegram.ext._application - INFO - Application.stop() complete
2023-05-05 16:20:20,655 - apscheduler.scheduler - INFO - Scheduler started
2023-05-05 16:20:20,655 - telegram.ext._application - INFO - Application started
2023-05-05 16:20:23,687 - logInfo - INFO - User name Ekaterina, id 699094527 started the conversation
2023-05-05 16:20:25,225 - logInfo - INFO - User 6020419408 canceled the conversation
2023-05-05 16:20:39,088 - logInfo - INFO - User name Ekaterina, id 699094527 started the conversation
2023-05-05 16:20:40,641 - logInfo - INFO - User name ВАЛЛИ \U0001f331\U0001f916 экобот, id 6020419408 started sharing
2023-05-05 16:20:52,851 - telegram.ext._application - ERROR - No error handlers are registered, logging exception.
Traceback (most recent call last):
  File "C:\Users\Boris\.pyenv\pyenv-win\versions\3.10.9\lib\site-packages\telegram\ext\_application.py", line 1115, in process_update
    await coroutine
  File "C:\Users\Boris\.pyenv\pyenv-win\versions\3.10.9\lib\site-packages\telegram\ext\_conversationhandler.py", line 826, in handle_update
    new_state: object = await handler.handle_update(
  File "C:\Users\Boris\.pyenv\pyenv-win\versions\3.10.9\lib\site-packages\telegram\ext\_handler.py", line 141, in handle_update
    return await self.callback(update, context)
  File "c:\Users\Boris\YandexDisk\Kate\Small Projects\BelgradeGarbageCollector\core\commands.py", line 55, in cancel
    user = query.message.from_user
AttributeError: 'NoneType' object has no attribute 'message'
2023-05-05 16:22:17,946 - telegram.ext._application - INFO - Application is stopping. This might take a moment.
2023-05-05 16:22:17,946 - apscheduler.scheduler - INFO - Scheduler has been shut down
2023-05-05 16:22:17,946 - telegram.ext._application - INFO - Application.stop() complete
2023-05-05 16:22:28,227 - apscheduler.scheduler - INFO - Scheduler started
2023-05-05 16:22:28,227 - telegram.ext._application - INFO - Application started
2023-05-05 16:22:31,967 - logInfo - INFO - User name Ekaterina, id 699094527 started the conversation
2023-05-05 16:22:34,750 - logInfo - INFO - User name ВАЛЛИ \U0001f331\U0001f916 экобот, id 6020419408 started sharing
2023-05-05 16:22:40,203 - telegram.ext._application - ERROR - No error handlers are registered, logging exception.
Traceback (most recent call last):
  File "C:\Users\Boris\.pyenv\pyenv-win\versions\3.10.9\lib\site-packages\telegram\ext\_application.py", line 1115, in process_update
    await coroutine
  File "C:\Users\Boris\.pyenv\pyenv-win\versions\3.10.9\lib\site-packages\telegram\ext\_conversationhandler.py", line 826, in handle_update
    new_state: object = await handler.handle_update(
  File "C:\Users\Boris\.pyenv\pyenv-win\versions\3.10.9\lib\site-packages\telegram\ext\_handler.py", line 141, in handle_update
    return await self.callback(update, context)
  File "c:\Users\Boris\YandexDisk\Kate\Small Projects\BelgradeGarbageCollector\core\commands.py", line 54, in cancel
    user = query.message.from_user
AttributeError: 'NoneType' object has no attribute 'message'
2023-05-05 16:28:56,842 - telegram.ext._application - INFO - Application is stopping. This might take a moment.
2023-05-05 16:28:56,843 - apscheduler.scheduler - INFO - Scheduler has been shut down
2023-05-05 16:28:56,843 - telegram.ext._application - INFO - Application.stop() complete
2023-05-05 16:32:40,097 - apscheduler.scheduler - INFO - Scheduler started
2023-05-05 16:32:40,097 - telegram.ext._application - INFO - Application started
2023-05-05 16:32:43,976 - logInfo - INFO - User name Ekaterina, id 699094527 started the conversation
2023-05-05 16:32:45,704 - logInfo - INFO - User name ВАЛЛИ \U0001f331\U0001f916 экобот, id 6020419408 started sharing
2023-05-05 16:33:15,416 - logInfo - INFO - User 699094527 uploaded the photo
2023-05-05 16:33:15,416 - telegram.ext._application - ERROR - No error handlers are registered, logging exception.
Traceback (most recent call last):
  File "C:\Users\Boris\.pyenv\pyenv-win\versions\3.10.9\lib\site-packages\telegram\ext\_application.py", line 1115, in process_update
    await coroutine
  File "C:\Users\Boris\.pyenv\pyenv-win\versions\3.10.9\lib\site-packages\telegram\ext\_conversationhandler.py", line 826, in handle_update
    new_state: object = await handler.handle_update(
  File "C:\Users\Boris\.pyenv\pyenv-win\versions\3.10.9\lib\site-packages\telegram\ext\_handler.py", line 141, in handle_update
    return await self.callback(update, context)
  File "c:\Users\Boris\YandexDisk\Kate\Small Projects\BelgradeGarbageCollector\core\commands.py", line 82, in photo
    await query.message.edit_text(
AttributeError: 'NoneType' object has no attribute 'message'
2023-05-05 16:34:16,549 - telegram.ext._application - INFO - Application is stopping. This might take a moment.
2023-05-05 16:34:16,549 - apscheduler.scheduler - INFO - Scheduler has been shut down
2023-05-05 16:34:16,549 - telegram.ext._application - INFO - Application.stop() complete
2023-05-05 16:35:46,304 - apscheduler.scheduler - INFO - Scheduler started
2023-05-05 16:35:46,304 - telegram.ext._application - INFO - Application started
2023-05-05 16:35:49,385 - logInfo - INFO - User name Ekaterina, id 699094527 started the conversation
2023-05-05 16:35:51,151 - logInfo - INFO - User name ВАЛЛИ \U0001f331\U0001f916 экобот, id 6020419408 started sharing
2023-05-05 16:35:52,810 - logInfo - INFO - User 6020419408 canceled the conversation
2023-05-05 16:36:52,466 - telegram.ext._application - INFO - Application is stopping. This might take a moment.
2023-05-05 16:36:52,467 - apscheduler.scheduler - INFO - Scheduler has been shut down
2023-05-05 16:36:52,467 - telegram.ext._application - INFO - Application.stop() complete
2023-05-05 16:37:08,553 - apscheduler.scheduler - INFO - Scheduler started
2023-05-05 16:37:08,553 - telegram.ext._application - INFO - Application started
2023-05-05 16:37:12,570 - logInfo - INFO - User name Ekaterina, id 699094527 started the conversation
2023-05-05 16:37:14,231 - logInfo - INFO - User name ВАЛЛИ \U0001f331\U0001f916 экобот, id 6020419408 started sharing
2023-05-05 16:37:21,329 - logInfo - INFO - User 699094527 uploaded the photo
2023-05-05 16:37:21,330 - telegram.ext._application - ERROR - No error handlers are registered, logging exception.
Traceback (most recent call last):
  File "C:\Users\Boris\.pyenv\pyenv-win\versions\3.10.9\lib\site-packages\telegram\ext\_application.py", line 1115, in process_update
    await coroutine
  File "C:\Users\Boris\.pyenv\pyenv-win\versions\3.10.9\lib\site-packages\telegram\ext\_conversationhandler.py", line 826, in handle_update
    new_state: object = await handler.handle_update(
  File "C:\Users\Boris\.pyenv\pyenv-win\versions\3.10.9\lib\site-packages\telegram\ext\_handler.py", line 141, in handle_update
    return await self.callback(update, context)
  File "c:\Users\Boris\YandexDisk\Kate\Small Projects\BelgradeGarbageCollector\core\commands.py", line 80, in photo
    await query.message.edit_text(
AttributeError: 'NoneType' object has no attribute 'message'
2023-05-05 16:37:50,240 - telegram.ext._application - INFO - Application is stopping. This might take a moment.
2023-05-05 16:37:50,240 - apscheduler.scheduler - INFO - Scheduler has been shut down
2023-05-05 16:37:50,240 - telegram.ext._application - INFO - Application.stop() complete
2023-05-05 16:37:57,100 - apscheduler.scheduler - INFO - Scheduler started
2023-05-05 16:37:57,100 - telegram.ext._application - INFO - Application started
2023-05-05 16:38:01,412 - logInfo - INFO - User name Ekaterina, id 699094527 started the conversation
2023-05-05 16:38:03,368 - logInfo - INFO - User name ВАЛЛИ \U0001f331\U0001f916 экобот, id 6020419408 started sharing
2023-05-05 16:38:08,983 - logInfo - INFO - User 699094527 uploaded the photo
2023-05-05 16:38:08,983 - telegram.ext._application - ERROR - No error handlers are registered, logging exception.
Traceback (most recent call last):
  File "C:\Users\Boris\.pyenv\pyenv-win\versions\3.10.9\lib\site-packages\telegram\ext\_application.py", line 1115, in process_update
    await coroutine
  File "C:\Users\Boris\.pyenv\pyenv-win\versions\3.10.9\lib\site-packages\telegram\ext\_conversationhandler.py", line 826, in handle_update
    new_state: object = await handler.handle_update(
  File "C:\Users\Boris\.pyenv\pyenv-win\versions\3.10.9\lib\site-packages\telegram\ext\_handler.py", line 141, in handle_update
    return await self.callback(update, context)
  File "c:\Users\Boris\YandexDisk\Kate\Small Projects\BelgradeGarbageCollector\core\commands.py", line 79, in photo
    await query.message.edit_text(
AttributeError: 'NoneType' object has no attribute 'message'
2023-05-05 16:39:10,080 - telegram.ext._application - INFO - Application is stopping. This might take a moment.
2023-05-05 16:39:10,080 - apscheduler.scheduler - INFO - Scheduler has been shut down
2023-05-05 16:39:10,081 - telegram.ext._application - INFO - Application.stop() complete
2023-05-05 16:39:15,936 - apscheduler.scheduler - INFO - Scheduler started
2023-05-05 16:39:15,936 - telegram.ext._application - INFO - Application started
2023-05-05 16:39:19,643 - logInfo - INFO - User name Ekaterina, id 699094527 started the conversation
2023-05-05 16:39:21,594 - logInfo - INFO - User name ВАЛЛИ \U0001f331\U0001f916 экобот, id 6020419408 started sharing
2023-05-05 16:39:25,720 - logInfo - INFO - User 699094527 uploaded the photo
2023-05-05 16:39:34,401 - logInfo - INFO - Location of 699094527: 44.796254 / 20.332313
2023-05-05 17:15:00,073 - telegram.ext._application - INFO - Application is stopping. This might take a moment.
2023-05-05 17:15:00,073 - apscheduler.scheduler - INFO - Scheduler has been shut down
2023-05-05 17:15:00,073 - telegram.ext._application - INFO - Application.stop() complete
2023-05-05 17:15:05,923 - apscheduler.scheduler - INFO - Scheduler started
2023-05-05 17:15:05,923 - telegram.ext._application - INFO - Application started
2023-05-05 17:15:12,183 - logInfo - INFO - User name Ekaterina, id 699094527 started the conversation
2023-05-05 17:15:15,379 - logInfo - INFO - User name ВАЛЛИ \U0001f331\U0001f916 экобот, id 6020419408 started sharing
2023-05-05 17:15:15,380 - telegram.ext._application - ERROR - No error handlers are registered, logging exception.
Traceback (most recent call last):
  File "C:\Users\Boris\.pyenv\pyenv-win\versions\3.10.9\lib\site-packages\telegram\ext\_application.py", line 1115, in process_update
    await coroutine
  File "C:\Users\Boris\.pyenv\pyenv-win\versions\3.10.9\lib\site-packages\telegram\ext\_conversationhandler.py", line 826, in handle_update
    new_state: object = await handler.handle_update(
  File "C:\Users\Boris\.pyenv\pyenv-win\versions\3.10.9\lib\site-packages\telegram\ext\_handler.py", line 141, in handle_update
    return await self.callback(update, context)
  File "c:\Users\Boris\YandexDisk\Kate\Small Projects\BelgradeGarbageCollector\core\commands.py", line 38, in start_sharing
    await query.message.text(
TypeError: 'str' object is not callable
2023-05-05 17:15:38,845 - telegram.ext._application - INFO - Application is stopping. This might take a moment.
2023-05-05 17:15:38,845 - apscheduler.scheduler - INFO - Scheduler has been shut down
2023-05-05 17:15:38,845 - telegram.ext._application - INFO - Application.stop() complete
2023-05-05 17:16:18,807 - apscheduler.scheduler - INFO - Scheduler started
2023-05-05 17:16:18,807 - telegram.ext._application - INFO - Application started
2023-05-05 17:16:23,243 - logInfo - INFO - User name Ekaterina, id 699094527 started the conversation
2023-05-05 17:16:24,568 - logInfo - INFO - User 6020419408 canceled the conversation
2023-05-05 17:16:24,578 - telegram.ext._application - ERROR - No error handlers are registered, logging exception.
Traceback (most recent call last):
  File "C:\Users\Boris\.pyenv\pyenv-win\versions\3.10.9\lib\site-packages\telegram\ext\_application.py", line 1115, in process_update
    await coroutine
  File "C:\Users\Boris\.pyenv\pyenv-win\versions\3.10.9\lib\site-packages\telegram\ext\_conversationhandler.py", line 826, in handle_update
    new_state: object = await handler.handle_update(
  File "C:\Users\Boris\.pyenv\pyenv-win\versions\3.10.9\lib\site-packages\telegram\ext\_handler.py", line 141, in handle_update
    return await self.callback(update, context)
  File "c:\Users\Boris\YandexDisk\Kate\Small Projects\BelgradeGarbageCollector\core\commands.py", line 48, in cancel
    await query.message.text(
TypeError: 'str' object is not callable
2023-05-08 09:55:48,712 - telegram.ext._updater - ERROR - Error while getting Updates: httpx.RemoteProtocolError: Server disconnected without sending a response.
2023-05-08 09:55:48,779 - telegram.ext._application - ERROR - No error handlers are registered, logging exception.
Traceback (most recent call last):
  File "C:\Users\Boris\.pyenv\pyenv-win\versions\3.10.9\lib\site-packages\httpx\_transports\default.py", line 60, in map_httpcore_exceptions
    yield
  File "C:\Users\Boris\.pyenv\pyenv-win\versions\3.10.9\lib\site-packages\httpx\_transports\default.py", line 353, in handle_async_request
    resp = await self._pool.handle_async_request(req)
  File "C:\Users\Boris\.pyenv\pyenv-win\versions\3.10.9\lib\site-packages\httpcore\_async\connection_pool.py", line 253, in handle_async_request
    raise exc
  File "C:\Users\Boris\.pyenv\pyenv-win\versions\3.10.9\lib\site-packages\httpcore\_async\connection_pool.py", line 237, in handle_async_request
    response = await connection.handle_async_request(request)
  File "C:\Users\Boris\.pyenv\pyenv-win\versions\3.10.9\lib\site-packages\httpcore\_async\connection.py", line 90, in handle_async_request
    return await self._connection.handle_async_request(request)
  File "C:\Users\Boris\.pyenv\pyenv-win\versions\3.10.9\lib\site-packages\httpcore\_async\http11.py", line 112, in handle_async_request
    raise exc
  File "C:\Users\Boris\.pyenv\pyenv-win\versions\3.10.9\lib\site-packages\httpcore\_async\http11.py", line 91, in handle_async_request
    ) = await self._receive_response_headers(**kwargs)
  File "C:\Users\Boris\.pyenv\pyenv-win\versions\3.10.9\lib\site-packages\httpcore\_async\http11.py", line 155, in _receive_response_headers
    event = await self._receive_event(timeout=timeout)
  File "C:\Users\Boris\.pyenv\pyenv-win\versions\3.10.9\lib\site-packages\httpcore\_async\http11.py", line 205, in _receive_event
    raise RemoteProtocolError(msg)
httpcore.RemoteProtocolError: Server disconnected without sending a response.

The above exception was the direct cause of the following exception:

Traceback (most recent call last):
  File "C:\Users\Boris\.pyenv\pyenv-win\versions\3.10.9\lib\site-packages\telegram\request\_httpxrequest.py", line 216, in do_request
    res = await self._client.request(
  File "C:\Users\Boris\.pyenv\pyenv-win\versions\3.10.9\lib\site-packages\httpx\_client.py", line 1533, in request
    return await self.send(request, auth=auth, follow_redirects=follow_redirects)
  File "C:\Users\Boris\.pyenv\pyenv-win\versions\3.10.9\lib\site-packages\httpx\_client.py", line 1620, in send
    response = await self._send_handling_auth(
  File "C:\Users\Boris\.pyenv\pyenv-win\versions\3.10.9\lib\site-packages\httpx\_client.py", line 1648, in _send_handling_auth
    response = await self._send_handling_redirects(
  File "C:\Users\Boris\.pyenv\pyenv-win\versions\3.10.9\lib\site-packages\httpx\_client.py", line 1685, in _send_handling_redirects
    response = await self._send_single_request(request)
  File "C:\Users\Boris\.pyenv\pyenv-win\versions\3.10.9\lib\site-packages\httpx\_client.py", line 1722, in _send_single_request
    response = await transport.handle_async_request(request)
  File "C:\Users\Boris\.pyenv\pyenv-win\versions\3.10.9\lib\site-packages\httpx\_transports\default.py", line 352, in handle_async_request
    with map_httpcore_exceptions():
  File "C:\Users\Boris\.pyenv\pyenv-win\versions\3.10.9\lib\contextlib.py", line 153, in __exit__
    self.gen.throw(typ, value, traceback)
  File "C:\Users\Boris\.pyenv\pyenv-win\versions\3.10.9\lib\site-packages\httpx\_transports\default.py", line 77, in map_httpcore_exceptions
    raise mapped_exc(message) from exc
httpx.RemoteProtocolError: Server disconnected without sending a response.

The above exception was the direct cause of the following exception:

Traceback (most recent call last):
  File "C:\Users\Boris\.pyenv\pyenv-win\versions\3.10.9\lib\site-packages\telegram\ext\_updater.py", line 607, in _network_loop_retry
    if not await action_cb():
  File "C:\Users\Boris\.pyenv\pyenv-win\versions\3.10.9\lib\site-packages\telegram\ext\_updater.py", line 335, in polling_action_cb
    raise exc
  File "C:\Users\Boris\.pyenv\pyenv-win\versions\3.10.9\lib\site-packages\telegram\ext\_updater.py", line 320, in polling_action_cb
    updates = await self.bot.get_updates(
  File "C:\Users\Boris\.pyenv\pyenv-win\versions\3.10.9\lib\site-packages\telegram\ext\_extbot.py", line 530, in get_updates
    updates = await super().get_updates(
  File "C:\Users\Boris\.pyenv\pyenv-win\versions\3.10.9\lib\site-packages\telegram\_bot.py", line 368, in decorator
    result = await func(*args, **kwargs)  # skipcq: PYL-E1102
  File "C:\Users\Boris\.pyenv\pyenv-win\versions\3.10.9\lib\site-packages\telegram\_bot.py", line 3623, in get_updates
    await self._post(
  File "C:\Users\Boris\.pyenv\pyenv-win\versions\3.10.9\lib\site-packages\telegram\_bot.py", line 456, in _post
    return await self._do_post(
  File "C:\Users\Boris\.pyenv\pyenv-win\versions\3.10.9\lib\site-packages\telegram\ext\_extbot.py", line 312, in _do_post
    return await super()._do_post(
  File "C:\Users\Boris\.pyenv\pyenv-win\versions\3.10.9\lib\site-packages\telegram\_bot.py", line 487, in _do_post
    return await request.post(
  File "C:\Users\Boris\.pyenv\pyenv-win\versions\3.10.9\lib\site-packages\telegram\request\_baserequest.py", line 165, in post
    result = await self._request_wrapper(
  File "C:\Users\Boris\.pyenv\pyenv-win\versions\3.10.9\lib\site-packages\telegram\request\_baserequest.py", line 288, in _request_wrapper
    raise exc
  File "C:\Users\Boris\.pyenv\pyenv-win\versions\3.10.9\lib\site-packages\telegram\request\_baserequest.py", line 274, in _request_wrapper
    code, payload = await self.do_request(
  File "C:\Users\Boris\.pyenv\pyenv-win\versions\3.10.9\lib\site-packages\telegram\request\_httpxrequest.py", line 240, in do_request
    raise NetworkError(f"httpx.{err.__class__.__name__}: {err}") from err
telegram.error.NetworkError: httpx.RemoteProtocolError: Server disconnected without sending a response.
2023-05-08 18:22:06,729 - telegram.ext._updater - ERROR - Error while getting Updates: httpx.ReadError: 
2023-05-08 18:22:06,767 - telegram.ext._application - ERROR - No error handlers are registered, logging exception.
Traceback (most recent call last):
  File "C:\Users\Boris\.pyenv\pyenv-win\versions\3.10.9\lib\asyncio\windows_events.py", line 489, in finish_recv
    return ov.getresult()
OSError: [WinError 64] Указанное сетевое имя более недоступно

During handling of the above exception, another exception occurred:

Traceback (most recent call last):
  File "C:\Users\Boris\.pyenv\pyenv-win\versions\3.10.9\lib\asyncio\proactor_events.py", line 286, in _loop_reading
    length = fut.result()
  File "C:\Users\Boris\.pyenv\pyenv-win\versions\3.10.9\lib\asyncio\windows_events.py", line 821, in _poll
    value = callback(transferred, key, ov)
  File "C:\Users\Boris\.pyenv\pyenv-win\versions\3.10.9\lib\asyncio\windows_events.py", line 493, in finish_recv
    raise ConnectionResetError(*exc.args)
ConnectionResetError: [WinError 64] Указанное сетевое имя более недоступно

The above exception was the direct cause of the following exception:

Traceback (most recent call last):
  File "C:\Users\Boris\.pyenv\pyenv-win\versions\3.10.9\lib\site-packages\httpcore\_exceptions.py", line 10, in map_exceptions
    yield
  File "C:\Users\Boris\.pyenv\pyenv-win\versions\3.10.9\lib\site-packages\httpcore\backends\asyncio.py", line 34, in read
    return await self._stream.receive(max_bytes=max_bytes)
  File "C:\Users\Boris\.pyenv\pyenv-win\versions\3.10.9\lib\site-packages\anyio\streams\tls.py", line 195, in receive
    data = await self._call_sslobject_method(self._ssl_object.read, max_bytes)
  File "C:\Users\Boris\.pyenv\pyenv-win\versions\3.10.9\lib\site-packages\anyio\streams\tls.py", line 137, in _call_sslobject_method
    data = await self.transport_stream.receive()
  File "C:\Users\Boris\.pyenv\pyenv-win\versions\3.10.9\lib\site-packages\anyio\_backends\_asyncio.py", line 1274, in receive
    raise self._protocol.exception
anyio.BrokenResourceError

During handling of the above exception, another exception occurred:

Traceback (most recent call last):
  File "C:\Users\Boris\.pyenv\pyenv-win\versions\3.10.9\lib\site-packages\httpx\_transports\default.py", line 60, in map_httpcore_exceptions
    yield
  File "C:\Users\Boris\.pyenv\pyenv-win\versions\3.10.9\lib\site-packages\httpx\_transports\default.py", line 353, in handle_async_request
    resp = await self._pool.handle_async_request(req)
  File "C:\Users\Boris\.pyenv\pyenv-win\versions\3.10.9\lib\site-packages\httpcore\_async\connection_pool.py", line 253, in handle_async_request
    raise exc
  File "C:\Users\Boris\.pyenv\pyenv-win\versions\3.10.9\lib\site-packages\httpcore\_async\connection_pool.py", line 237, in handle_async_request
    response = await connection.handle_async_request(request)
  File "C:\Users\Boris\.pyenv\pyenv-win\versions\3.10.9\lib\site-packages\httpcore\_async\connection.py", line 90, in handle_async_request
    return await self._connection.handle_async_request(request)
  File "C:\Users\Boris\.pyenv\pyenv-win\versions\3.10.9\lib\site-packages\httpcore\_async\http11.py", line 112, in handle_async_request
    raise exc
  File "C:\Users\Boris\.pyenv\pyenv-win\versions\3.10.9\lib\site-packages\httpcore\_async\http11.py", line 91, in handle_async_request
    ) = await self._receive_response_headers(**kwargs)
  File "C:\Users\Boris\.pyenv\pyenv-win\versions\3.10.9\lib\site-packages\httpcore\_async\http11.py", line 155, in _receive_response_headers
    event = await self._receive_event(timeout=timeout)
  File "C:\Users\Boris\.pyenv\pyenv-win\versions\3.10.9\lib\site-packages\httpcore\_async\http11.py", line 191, in _receive_event
    data = await self._network_stream.read(
  File "C:\Users\Boris\.pyenv\pyenv-win\versions\3.10.9\lib\site-packages\httpcore\backends\asyncio.py", line 31, in read
    with map_exceptions(exc_map):
  File "C:\Users\Boris\.pyenv\pyenv-win\versions\3.10.9\lib\contextlib.py", line 153, in __exit__
    self.gen.throw(typ, value, traceback)
  File "C:\Users\Boris\.pyenv\pyenv-win\versions\3.10.9\lib\site-packages\httpcore\_exceptions.py", line 14, in map_exceptions
    raise to_exc(exc)
httpcore.ReadError

The above exception was the direct cause of the following exception:

Traceback (most recent call last):
  File "C:\Users\Boris\.pyenv\pyenv-win\versions\3.10.9\lib\site-packages\telegram\request\_httpxrequest.py", line 216, in do_request
    res = await self._client.request(
  File "C:\Users\Boris\.pyenv\pyenv-win\versions\3.10.9\lib\site-packages\httpx\_client.py", line 1533, in request
    return await self.send(request, auth=auth, follow_redirects=follow_redirects)
  File "C:\Users\Boris\.pyenv\pyenv-win\versions\3.10.9\lib\site-packages\httpx\_client.py", line 1620, in send
    response = await self._send_handling_auth(
  File "C:\Users\Boris\.pyenv\pyenv-win\versions\3.10.9\lib\site-packages\httpx\_client.py", line 1648, in _send_handling_auth
    response = await self._send_handling_redirects(
  File "C:\Users\Boris\.pyenv\pyenv-win\versions\3.10.9\lib\site-packages\httpx\_client.py", line 1685, in _send_handling_redirects
    response = await self._send_single_request(request)
  File "C:\Users\Boris\.pyenv\pyenv-win\versions\3.10.9\lib\site-packages\httpx\_client.py", line 1722, in _send_single_request
    response = await transport.handle_async_request(request)
  File "C:\Users\Boris\.pyenv\pyenv-win\versions\3.10.9\lib\site-packages\httpx\_transports\default.py", line 352, in handle_async_request
    with map_httpcore_exceptions():
  File "C:\Users\Boris\.pyenv\pyenv-win\versions\3.10.9\lib\contextlib.py", line 153, in __exit__
    self.gen.throw(typ, value, traceback)
  File "C:\Users\Boris\.pyenv\pyenv-win\versions\3.10.9\lib\site-packages\httpx\_transports\default.py", line 77, in map_httpcore_exceptions
    raise mapped_exc(message) from exc
httpx.ReadError

The above exception was the direct cause of the following exception:

Traceback (most recent call last):
  File "C:\Users\Boris\.pyenv\pyenv-win\versions\3.10.9\lib\site-packages\telegram\ext\_updater.py", line 607, in _network_loop_retry
    if not await action_cb():
  File "C:\Users\Boris\.pyenv\pyenv-win\versions\3.10.9\lib\site-packages\telegram\ext\_updater.py", line 335, in polling_action_cb
    raise exc
  File "C:\Users\Boris\.pyenv\pyenv-win\versions\3.10.9\lib\site-packages\telegram\ext\_updater.py", line 320, in polling_action_cb
    updates = await self.bot.get_updates(
  File "C:\Users\Boris\.pyenv\pyenv-win\versions\3.10.9\lib\site-packages\telegram\ext\_extbot.py", line 530, in get_updates
    updates = await super().get_updates(
  File "C:\Users\Boris\.pyenv\pyenv-win\versions\3.10.9\lib\site-packages\telegram\_bot.py", line 368, in decorator
    result = await func(*args, **kwargs)  # skipcq: PYL-E1102
  File "C:\Users\Boris\.pyenv\pyenv-win\versions\3.10.9\lib\site-packages\telegram\_bot.py", line 3623, in get_updates
    await self._post(
  File "C:\Users\Boris\.pyenv\pyenv-win\versions\3.10.9\lib\site-packages\telegram\_bot.py", line 456, in _post
    return await self._do_post(
  File "C:\Users\Boris\.pyenv\pyenv-win\versions\3.10.9\lib\site-packages\telegram\ext\_extbot.py", line 312, in _do_post
    return await super()._do_post(
  File "C:\Users\Boris\.pyenv\pyenv-win\versions\3.10.9\lib\site-packages\telegram\_bot.py", line 487, in _do_post
    return await request.post(
  File "C:\Users\Boris\.pyenv\pyenv-win\versions\3.10.9\lib\site-packages\telegram\request\_baserequest.py", line 165, in post
    result = await self._request_wrapper(
  File "C:\Users\Boris\.pyenv\pyenv-win\versions\3.10.9\lib\site-packages\telegram\request\_baserequest.py", line 288, in _request_wrapper
    raise exc
  File "C:\Users\Boris\.pyenv\pyenv-win\versions\3.10.9\lib\site-packages\telegram\request\_baserequest.py", line 274, in _request_wrapper
    code, payload = await self.do_request(
  File "C:\Users\Boris\.pyenv\pyenv-win\versions\3.10.9\lib\site-packages\telegram\request\_httpxrequest.py", line 240, in do_request
    raise NetworkError(f"httpx.{err.__class__.__name__}: {err}") from err
telegram.error.NetworkError: httpx.ReadError: 
2023-05-08 18:35:37,400 - telegram.ext._updater - ERROR - Error while getting Updates: httpx.ReadError: 
2023-05-08 18:35:37,425 - telegram.ext._application - ERROR - No error handlers are registered, logging exception.
Traceback (most recent call last):
  File "C:\Users\Boris\.pyenv\pyenv-win\versions\3.10.9\lib\asyncio\windows_events.py", line 489, in finish_recv
    return ov.getresult()
OSError: [WinError 64] Указанное сетевое имя более недоступно

During handling of the above exception, another exception occurred:

Traceback (most recent call last):
  File "C:\Users\Boris\.pyenv\pyenv-win\versions\3.10.9\lib\asyncio\proactor_events.py", line 286, in _loop_reading
    length = fut.result()
  File "C:\Users\Boris\.pyenv\pyenv-win\versions\3.10.9\lib\asyncio\windows_events.py", line 821, in _poll
    value = callback(transferred, key, ov)
  File "C:\Users\Boris\.pyenv\pyenv-win\versions\3.10.9\lib\asyncio\windows_events.py", line 493, in finish_recv
    raise ConnectionResetError(*exc.args)
ConnectionResetError: [WinError 64] Указанное сетевое имя более недоступно

The above exception was the direct cause of the following exception:

Traceback (most recent call last):
  File "C:\Users\Boris\.pyenv\pyenv-win\versions\3.10.9\lib\site-packages\httpcore\_exceptions.py", line 10, in map_exceptions
    yield
  File "C:\Users\Boris\.pyenv\pyenv-win\versions\3.10.9\lib\site-packages\httpcore\backends\asyncio.py", line 34, in read
    return await self._stream.receive(max_bytes=max_bytes)
  File "C:\Users\Boris\.pyenv\pyenv-win\versions\3.10.9\lib\site-packages\anyio\streams\tls.py", line 195, in receive
    data = await self._call_sslobject_method(self._ssl_object.read, max_bytes)
  File "C:\Users\Boris\.pyenv\pyenv-win\versions\3.10.9\lib\site-packages\anyio\streams\tls.py", line 137, in _call_sslobject_method
    data = await self.transport_stream.receive()
  File "C:\Users\Boris\.pyenv\pyenv-win\versions\3.10.9\lib\site-packages\anyio\_backends\_asyncio.py", line 1274, in receive
    raise self._protocol.exception
anyio.BrokenResourceError

During handling of the above exception, another exception occurred:

Traceback (most recent call last):
  File "C:\Users\Boris\.pyenv\pyenv-win\versions\3.10.9\lib\site-packages\httpx\_transports\default.py", line 60, in map_httpcore_exceptions
    yield
  File "C:\Users\Boris\.pyenv\pyenv-win\versions\3.10.9\lib\site-packages\httpx\_transports\default.py", line 353, in handle_async_request
    resp = await self._pool.handle_async_request(req)
  File "C:\Users\Boris\.pyenv\pyenv-win\versions\3.10.9\lib\site-packages\httpcore\_async\connection_pool.py", line 253, in handle_async_request
    raise exc
  File "C:\Users\Boris\.pyenv\pyenv-win\versions\3.10.9\lib\site-packages\httpcore\_async\connection_pool.py", line 237, in handle_async_request
    response = await connection.handle_async_request(request)
  File "C:\Users\Boris\.pyenv\pyenv-win\versions\3.10.9\lib\site-packages\httpcore\_async\connection.py", line 90, in handle_async_request
    return await self._connection.handle_async_request(request)
  File "C:\Users\Boris\.pyenv\pyenv-win\versions\3.10.9\lib\site-packages\httpcore\_async\http11.py", line 112, in handle_async_request
    raise exc
  File "C:\Users\Boris\.pyenv\pyenv-win\versions\3.10.9\lib\site-packages\httpcore\_async\http11.py", line 91, in handle_async_request
    ) = await self._receive_response_headers(**kwargs)
  File "C:\Users\Boris\.pyenv\pyenv-win\versions\3.10.9\lib\site-packages\httpcore\_async\http11.py", line 155, in _receive_response_headers
    event = await self._receive_event(timeout=timeout)
  File "C:\Users\Boris\.pyenv\pyenv-win\versions\3.10.9\lib\site-packages\httpcore\_async\http11.py", line 191, in _receive_event
    data = await self._network_stream.read(
  File "C:\Users\Boris\.pyenv\pyenv-win\versions\3.10.9\lib\site-packages\httpcore\backends\asyncio.py", line 31, in read
    with map_exceptions(exc_map):
  File "C:\Users\Boris\.pyenv\pyenv-win\versions\3.10.9\lib\contextlib.py", line 153, in __exit__
    self.gen.throw(typ, value, traceback)
  File "C:\Users\Boris\.pyenv\pyenv-win\versions\3.10.9\lib\site-packages\httpcore\_exceptions.py", line 14, in map_exceptions
    raise to_exc(exc)
httpcore.ReadError

The above exception was the direct cause of the following exception:

Traceback (most recent call last):
  File "C:\Users\Boris\.pyenv\pyenv-win\versions\3.10.9\lib\site-packages\telegram\request\_httpxrequest.py", line 216, in do_request
    res = await self._client.request(
  File "C:\Users\Boris\.pyenv\pyenv-win\versions\3.10.9\lib\site-packages\httpx\_client.py", line 1533, in request
    return await self.send(request, auth=auth, follow_redirects=follow_redirects)
  File "C:\Users\Boris\.pyenv\pyenv-win\versions\3.10.9\lib\site-packages\httpx\_client.py", line 1620, in send
    response = await self._send_handling_auth(
  File "C:\Users\Boris\.pyenv\pyenv-win\versions\3.10.9\lib\site-packages\httpx\_client.py", line 1648, in _send_handling_auth
    response = await self._send_handling_redirects(
  File "C:\Users\Boris\.pyenv\pyenv-win\versions\3.10.9\lib\site-packages\httpx\_client.py", line 1685, in _send_handling_redirects
    response = await self._send_single_request(request)
  File "C:\Users\Boris\.pyenv\pyenv-win\versions\3.10.9\lib\site-packages\httpx\_client.py", line 1722, in _send_single_request
    response = await transport.handle_async_request(request)
  File "C:\Users\Boris\.pyenv\pyenv-win\versions\3.10.9\lib\site-packages\httpx\_transports\default.py", line 352, in handle_async_request
    with map_httpcore_exceptions():
  File "C:\Users\Boris\.pyenv\pyenv-win\versions\3.10.9\lib\contextlib.py", line 153, in __exit__
    self.gen.throw(typ, value, traceback)
  File "C:\Users\Boris\.pyenv\pyenv-win\versions\3.10.9\lib\site-packages\httpx\_transports\default.py", line 77, in map_httpcore_exceptions
    raise mapped_exc(message) from exc
httpx.ReadError

The above exception was the direct cause of the following exception:

Traceback (most recent call last):
  File "C:\Users\Boris\.pyenv\pyenv-win\versions\3.10.9\lib\site-packages\telegram\ext\_updater.py", line 607, in _network_loop_retry
    if not await action_cb():
  File "C:\Users\Boris\.pyenv\pyenv-win\versions\3.10.9\lib\site-packages\telegram\ext\_updater.py", line 335, in polling_action_cb
    raise exc
  File "C:\Users\Boris\.pyenv\pyenv-win\versions\3.10.9\lib\site-packages\telegram\ext\_updater.py", line 320, in polling_action_cb
    updates = await self.bot.get_updates(
  File "C:\Users\Boris\.pyenv\pyenv-win\versions\3.10.9\lib\site-packages\telegram\ext\_extbot.py", line 530, in get_updates
    updates = await super().get_updates(
  File "C:\Users\Boris\.pyenv\pyenv-win\versions\3.10.9\lib\site-packages\telegram\_bot.py", line 368, in decorator
    result = await func(*args, **kwargs)  # skipcq: PYL-E1102
  File "C:\Users\Boris\.pyenv\pyenv-win\versions\3.10.9\lib\site-packages\telegram\_bot.py", line 3623, in get_updates
    await self._post(
  File "C:\Users\Boris\.pyenv\pyenv-win\versions\3.10.9\lib\site-packages\telegram\_bot.py", line 456, in _post
    return await self._do_post(
  File "C:\Users\Boris\.pyenv\pyenv-win\versions\3.10.9\lib\site-packages\telegram\ext\_extbot.py", line 312, in _do_post
    return await super()._do_post(
  File "C:\Users\Boris\.pyenv\pyenv-win\versions\3.10.9\lib\site-packages\telegram\_bot.py", line 487, in _do_post
    return await request.post(
  File "C:\Users\Boris\.pyenv\pyenv-win\versions\3.10.9\lib\site-packages\telegram\request\_baserequest.py", line 165, in post
    result = await self._request_wrapper(
  File "C:\Users\Boris\.pyenv\pyenv-win\versions\3.10.9\lib\site-packages\telegram\request\_baserequest.py", line 288, in _request_wrapper
    raise exc
  File "C:\Users\Boris\.pyenv\pyenv-win\versions\3.10.9\lib\site-packages\telegram\request\_baserequest.py", line 274, in _request_wrapper
    code, payload = await self.do_request(
  File "C:\Users\Boris\.pyenv\pyenv-win\versions\3.10.9\lib\site-packages\telegram\request\_httpxrequest.py", line 240, in do_request
    raise NetworkError(f"httpx.{err.__class__.__name__}: {err}") from err
telegram.error.NetworkError: httpx.ReadError: 
2023-05-08 19:20:50,259 - telegram.ext._updater - ERROR - Error while getting Updates: httpx.ReadError: 
2023-05-08 19:20:50,289 - telegram.ext._application - ERROR - No error handlers are registered, logging exception.
Traceback (most recent call last):
  File "C:\Users\Boris\.pyenv\pyenv-win\versions\3.10.9\lib\asyncio\windows_events.py", line 489, in finish_recv
    return ov.getresult()
OSError: [WinError 64] Указанное сетевое имя более недоступно

During handling of the above exception, another exception occurred:

Traceback (most recent call last):
  File "C:\Users\Boris\.pyenv\pyenv-win\versions\3.10.9\lib\asyncio\proactor_events.py", line 286, in _loop_reading
    length = fut.result()
  File "C:\Users\Boris\.pyenv\pyenv-win\versions\3.10.9\lib\asyncio\windows_events.py", line 821, in _poll
    value = callback(transferred, key, ov)
  File "C:\Users\Boris\.pyenv\pyenv-win\versions\3.10.9\lib\asyncio\windows_events.py", line 493, in finish_recv
    raise ConnectionResetError(*exc.args)
ConnectionResetError: [WinError 64] Указанное сетевое имя более недоступно

The above exception was the direct cause of the following exception:

Traceback (most recent call last):
  File "C:\Users\Boris\.pyenv\pyenv-win\versions\3.10.9\lib\site-packages\httpcore\_exceptions.py", line 10, in map_exceptions
    yield
  File "C:\Users\Boris\.pyenv\pyenv-win\versions\3.10.9\lib\site-packages\httpcore\backends\asyncio.py", line 34, in read
    return await self._stream.receive(max_bytes=max_bytes)
  File "C:\Users\Boris\.pyenv\pyenv-win\versions\3.10.9\lib\site-packages\anyio\streams\tls.py", line 195, in receive
    data = await self._call_sslobject_method(self._ssl_object.read, max_bytes)
  File "C:\Users\Boris\.pyenv\pyenv-win\versions\3.10.9\lib\site-packages\anyio\streams\tls.py", line 137, in _call_sslobject_method
    data = await self.transport_stream.receive()
  File "C:\Users\Boris\.pyenv\pyenv-win\versions\3.10.9\lib\site-packages\anyio\_backends\_asyncio.py", line 1274, in receive
    raise self._protocol.exception
anyio.BrokenResourceError

During handling of the above exception, another exception occurred:

Traceback (most recent call last):
  File "C:\Users\Boris\.pyenv\pyenv-win\versions\3.10.9\lib\site-packages\httpx\_transports\default.py", line 60, in map_httpcore_exceptions
    yield
  File "C:\Users\Boris\.pyenv\pyenv-win\versions\3.10.9\lib\site-packages\httpx\_transports\default.py", line 353, in handle_async_request
    resp = await self._pool.handle_async_request(req)
  File "C:\Users\Boris\.pyenv\pyenv-win\versions\3.10.9\lib\site-packages\httpcore\_async\connection_pool.py", line 253, in handle_async_request
    raise exc
  File "C:\Users\Boris\.pyenv\pyenv-win\versions\3.10.9\lib\site-packages\httpcore\_async\connection_pool.py", line 237, in handle_async_request
    response = await connection.handle_async_request(request)
  File "C:\Users\Boris\.pyenv\pyenv-win\versions\3.10.9\lib\site-packages\httpcore\_async\connection.py", line 90, in handle_async_request
    return await self._connection.handle_async_request(request)
  File "C:\Users\Boris\.pyenv\pyenv-win\versions\3.10.9\lib\site-packages\httpcore\_async\http11.py", line 112, in handle_async_request
    raise exc
  File "C:\Users\Boris\.pyenv\pyenv-win\versions\3.10.9\lib\site-packages\httpcore\_async\http11.py", line 91, in handle_async_request
    ) = await self._receive_response_headers(**kwargs)
  File "C:\Users\Boris\.pyenv\pyenv-win\versions\3.10.9\lib\site-packages\httpcore\_async\http11.py", line 155, in _receive_response_headers
    event = await self._receive_event(timeout=timeout)
  File "C:\Users\Boris\.pyenv\pyenv-win\versions\3.10.9\lib\site-packages\httpcore\_async\http11.py", line 191, in _receive_event
    data = await self._network_stream.read(
  File "C:\Users\Boris\.pyenv\pyenv-win\versions\3.10.9\lib\site-packages\httpcore\backends\asyncio.py", line 31, in read
    with map_exceptions(exc_map):
  File "C:\Users\Boris\.pyenv\pyenv-win\versions\3.10.9\lib\contextlib.py", line 153, in __exit__
    self.gen.throw(typ, value, traceback)
  File "C:\Users\Boris\.pyenv\pyenv-win\versions\3.10.9\lib\site-packages\httpcore\_exceptions.py", line 14, in map_exceptions
    raise to_exc(exc)
httpcore.ReadError

The above exception was the direct cause of the following exception:

Traceback (most recent call last):
  File "C:\Users\Boris\.pyenv\pyenv-win\versions\3.10.9\lib\site-packages\telegram\request\_httpxrequest.py", line 216, in do_request
    res = await self._client.request(
  File "C:\Users\Boris\.pyenv\pyenv-win\versions\3.10.9\lib\site-packages\httpx\_client.py", line 1533, in request
    return await self.send(request, auth=auth, follow_redirects=follow_redirects)
  File "C:\Users\Boris\.pyenv\pyenv-win\versions\3.10.9\lib\site-packages\httpx\_client.py", line 1620, in send
    response = await self._send_handling_auth(
  File "C:\Users\Boris\.pyenv\pyenv-win\versions\3.10.9\lib\site-packages\httpx\_client.py", line 1648, in _send_handling_auth
    response = await self._send_handling_redirects(
  File "C:\Users\Boris\.pyenv\pyenv-win\versions\3.10.9\lib\site-packages\httpx\_client.py", line 1685, in _send_handling_redirects
    response = await self._send_single_request(request)
  File "C:\Users\Boris\.pyenv\pyenv-win\versions\3.10.9\lib\site-packages\httpx\_client.py", line 1722, in _send_single_request
    response = await transport.handle_async_request(request)
  File "C:\Users\Boris\.pyenv\pyenv-win\versions\3.10.9\lib\site-packages\httpx\_transports\default.py", line 352, in handle_async_request
    with map_httpcore_exceptions():
  File "C:\Users\Boris\.pyenv\pyenv-win\versions\3.10.9\lib\contextlib.py", line 153, in __exit__
    self.gen.throw(typ, value, traceback)
  File "C:\Users\Boris\.pyenv\pyenv-win\versions\3.10.9\lib\site-packages\httpx\_transports\default.py", line 77, in map_httpcore_exceptions
    raise mapped_exc(message) from exc
httpx.ReadError

The above exception was the direct cause of the following exception:

Traceback (most recent call last):
  File "C:\Users\Boris\.pyenv\pyenv-win\versions\3.10.9\lib\site-packages\telegram\ext\_updater.py", line 607, in _network_loop_retry
    if not await action_cb():
  File "C:\Users\Boris\.pyenv\pyenv-win\versions\3.10.9\lib\site-packages\telegram\ext\_updater.py", line 335, in polling_action_cb
    raise exc
  File "C:\Users\Boris\.pyenv\pyenv-win\versions\3.10.9\lib\site-packages\telegram\ext\_updater.py", line 320, in polling_action_cb
    updates = await self.bot.get_updates(
  File "C:\Users\Boris\.pyenv\pyenv-win\versions\3.10.9\lib\site-packages\telegram\ext\_extbot.py", line 530, in get_updates
    updates = await super().get_updates(
  File "C:\Users\Boris\.pyenv\pyenv-win\versions\3.10.9\lib\site-packages\telegram\_bot.py", line 368, in decorator
    result = await func(*args, **kwargs)  # skipcq: PYL-E1102
  File "C:\Users\Boris\.pyenv\pyenv-win\versions\3.10.9\lib\site-packages\telegram\_bot.py", line 3623, in get_updates
    await self._post(
  File "C:\Users\Boris\.pyenv\pyenv-win\versions\3.10.9\lib\site-packages\telegram\_bot.py", line 456, in _post
    return await self._do_post(
  File "C:\Users\Boris\.pyenv\pyenv-win\versions\3.10.9\lib\site-packages\telegram\ext\_extbot.py", line 312, in _do_post
    return await super()._do_post(
  File "C:\Users\Boris\.pyenv\pyenv-win\versions\3.10.9\lib\site-packages\telegram\_bot.py", line 487, in _do_post
    return await request.post(
  File "C:\Users\Boris\.pyenv\pyenv-win\versions\3.10.9\lib\site-packages\telegram\request\_baserequest.py", line 165, in post
    result = await self._request_wrapper(
  File "C:\Users\Boris\.pyenv\pyenv-win\versions\3.10.9\lib\site-packages\telegram\request\_baserequest.py", line 288, in _request_wrapper
    raise exc
  File "C:\Users\Boris\.pyenv\pyenv-win\versions\3.10.9\lib\site-packages\telegram\request\_baserequest.py", line 274, in _request_wrapper
    code, payload = await self.do_request(
  File "C:\Users\Boris\.pyenv\pyenv-win\versions\3.10.9\lib\site-packages\telegram\request\_httpxrequest.py", line 240, in do_request
    raise NetworkError(f"httpx.{err.__class__.__name__}: {err}") from err
telegram.error.NetworkError: httpx.ReadError: 
